2024-07-15 14:37:09 DEBUG [main] [com.pike.commons.logging.logback.LogbackConfigurer:configure] Logback was set (logback.configurationFile=/home/makedoc/server/cfg/log/snapshot.xml, output dir for logfile: /home/makedoc/server/storage/default/1721054227607)
2024-07-15 14:37:09 DEBUG [main] [com.pike.storage.Storage:init] Record directory:/home/makedoc/server/storage/default initilized.
2024-07-15 14:37:09 DEBUG [main] [com.pike.rita.api.RitaCalling:generateRitaDitaFiles] First input directory: /home/makedoc/server/storage/default/1721051313592/dita
2024-07-15 14:37:09 DEBUG [main] [com.pike.rita.api.RitaCalling:generateRitaDitaFiles] Second input directory: /home/makedoc/server/storage/default/1721054147391/dita
2024-07-15 14:37:09 DEBUG [main] [com.pike.rita.api.RitaCalling:generateRitaDitaFiles] Output directory: /home/makedoc/server/storage/default/1721054227607/dita
2024-07-15 14:37:09 INFO [main] [com.pike.rita.api.RitaCalling:runDirCompar] Repository analytics
2024-07-15 14:37:09 INFO [main] [com.pike.rita.api.RitaCalling:runDirCompar] 
2024-07-15 14:37:09 INFO [main] [com.pike.rita.api.RitaCalling:runDirCompar] Comparing directories - finding added/deleted/modified files...
2024-07-15 14:37:09 INFO [main] [com.pike.rita.api.RitaCalling:runDirCompar] Comparing ESB
2024-07-15 14:37:09 INFO [main] [com.pike.rita.api.RitaCalling:logDirectories] Old dir: 	/home/makedoc/server/storage/default/1721051313592/dita/projects
2024-07-15 14:37:09 INFO [main] [com.pike.rita.api.RitaCalling:logDirectories] New dir: 	/home/makedoc/server/storage/default/1721054147391/dita/projects
2024-07-15 14:37:09 INFO [main] [com.pike.rita.api.RitaCalling:logDirectories] Out dir: 	/home/makedoc/server/storage/default/1721054227607/dita
2024-07-15 14:37:10 INFO [main] [com.pikeelectronic.DirectoryComparer.mod.DirTraverserTemplate:info] Processing comparison of /home/makedoc/server/storage/default/1721051313592/dita/projects/tibco.bwce.sample.binding.rest.BookStore in reference to /home/makedoc/server/storage/default/1721054147391/dita/projects/tibco.bwce.sample.binding.rest.BookStore
2024-07-15 14:37:10 INFO [main] [com.pikeelectronic.DirectoryComparer.mod.DirTraverserTemplate:info] Processing comparison of /home/makedoc/server/storage/default/1721051313592/dita/projects/tibco.bwce.sample.binding.rest.BookStore.application in reference to /home/makedoc/server/storage/default/1721054147391/dita/projects/tibco.bwce.sample.binding.rest.BookStore.application
2024-07-15 14:37:10 INFO [main] [com.pikeelectronic.DirectoryComparer.mod.DirTraverserTemplate:info] Processing comparison of /home/makedoc/server/storage/default/1721051313592/dita/projects/tibco.bwce.sample.binding.rest.BookStore/common in reference to /home/makedoc/server/storage/default/1721054147391/dita/projects/tibco.bwce.sample.binding.rest.BookStore/common
2024-07-15 14:37:10 INFO [main] [com.pikeelectronic.DirectoryComparer.mod.DirTraverserTemplate:info] Processing comparison of /home/makedoc/server/storage/default/1721051313592/dita/projects/tibco.bwce.sample.binding.rest.BookStore/dependencies in reference to /home/makedoc/server/storage/default/1721054147391/dita/projects/tibco.bwce.sample.binding.rest.BookStore/dependencies
2024-07-15 14:37:10 INFO [main] [com.pikeelectronic.DirectoryComparer.mod.DirTraverserTemplate:info] Processing comparison of /home/makedoc/server/storage/default/1721051313592/dita/projects/tibco.bwce.sample.binding.rest.BookStore/META-INF in reference to /home/makedoc/server/storage/default/1721054147391/dita/projects/tibco.bwce.sample.binding.rest.BookStore/META-INF
2024-07-15 14:37:10 INFO [main] [com.pikeelectronic.DirectoryComparer.mod.DirTraverserTemplate:info] Processing comparison of /home/makedoc/server/storage/default/1721051313592/dita/projects/tibco.bwce.sample.binding.rest.BookStore/Processes in reference to /home/makedoc/server/storage/default/1721054147391/dita/projects/tibco.bwce.sample.binding.rest.BookStore/Processes
2024-07-15 14:37:10 INFO [main] [com.pikeelectronic.DirectoryComparer.mod.DirTraverserTemplate:info] Processing comparison of /home/makedoc/server/storage/default/1721051313592/dita/projects/tibco.bwce.sample.binding.rest.BookStore/Resources in reference to /home/makedoc/server/storage/default/1721054147391/dita/projects/tibco.bwce.sample.binding.rest.BookStore/Resources
2024-07-15 14:37:10 INFO [main] [com.pikeelectronic.DirectoryComparer.mod.DirTraverserTemplate:info] Processing comparison of /home/makedoc/server/storage/default/1721051313592/dita/projects/tibco.bwce.sample.binding.rest.BookStore/Schemas in reference to /home/makedoc/server/storage/default/1721054147391/dita/projects/tibco.bwce.sample.binding.rest.BookStore/Schemas
2024-07-15 14:37:10 INFO [main] [com.pikeelectronic.DirectoryComparer.mod.DirTraverserTemplate:info] Processing comparison of /home/makedoc/server/storage/default/1721051313592/dita/projects/tibco.bwce.sample.binding.rest.BookStore/Service_Descriptors in reference to /home/makedoc/server/storage/default/1721054147391/dita/projects/tibco.bwce.sample.binding.rest.BookStore/Service_Descriptors
2024-07-15 14:37:10 INFO [main] [com.pikeelectronic.DirectoryComparer.mod.DirTraverserTemplate:info] Processing comparison of /home/makedoc/server/storage/default/1721051313592/dita/projects/tibco.bwce.sample.binding.rest.BookStore/common/policy.dita in reference to /home/makedoc/server/storage/default/1721054147391/dita/projects/tibco.bwce.sample.binding.rest.BookStore/common/policy.dita
2024-07-15 14:37:10 INFO [main] [com.pikeelectronic.DirectoryComparer.mod.DirTraverserTemplate:info] Processing comparison of /home/makedoc/server/storage/default/1721051313592/dita/projects/tibco.bwce.sample.binding.rest.BookStore/common/process.dita in reference to /home/makedoc/server/storage/default/1721054147391/dita/projects/tibco.bwce.sample.binding.rest.BookStore/common/process.dita
2024-07-15 14:37:10 INFO [main] [com.pikeelectronic.DirectoryComparer.mod.DirTraverserTemplate:info] Processing comparison of /home/makedoc/server/storage/default/1721051313592/dita/projects/tibco.bwce.sample.binding.rest.BookStore/common/sharedftp.dita in reference to /home/makedoc/server/storage/default/1721054147391/dita/projects/tibco.bwce.sample.binding.rest.BookStore/common/sharedftp.dita
2024-07-15 14:37:10 INFO [main] [com.pikeelectronic.DirectoryComparer.mod.DirTraverserTemplate:info] Processing comparison of /home/makedoc/server/storage/default/1721051313592/dita/projects/tibco.bwce.sample.binding.rest.BookStore/common/sharedhttp.dita in reference to /home/makedoc/server/storage/default/1721054147391/dita/projects/tibco.bwce.sample.binding.rest.BookStore/common/sharedhttp.dita
2024-07-15 14:37:10 INFO [main] [com.pikeelectronic.DirectoryComparer.mod.DirTraverserTemplate:info] Processing comparison of /home/makedoc/server/storage/default/1721051313592/dita/projects/tibco.bwce.sample.binding.rest.BookStore/common/sharedjdbc.dita in reference to /home/makedoc/server/storage/default/1721054147391/dita/projects/tibco.bwce.sample.binding.rest.BookStore/common/sharedjdbc.dita
2024-07-15 14:37:10 INFO [main] [com.pikeelectronic.DirectoryComparer.mod.DirTraverserTemplate:info] Processing comparison of /home/makedoc/server/storage/default/1721051313592/dita/projects/tibco.bwce.sample.binding.rest.BookStore/common/sharedjmscon.dita in reference to /home/makedoc/server/storage/default/1721054147391/dita/projects/tibco.bwce.sample.binding.rest.BookStore/common/sharedjmscon.dita
2024-07-15 14:37:10 INFO [main] [com.pikeelectronic.DirectoryComparer.mod.DirTraverserTemplate:info] Processing comparison of /home/makedoc/server/storage/default/1721051313592/dita/projects/tibco.bwce.sample.binding.rest.BookStore/common/sharedjndiconfig.dita in reference to /home/makedoc/server/storage/default/1721054147391/dita/projects/tibco.bwce.sample.binding.rest.BookStore/common/sharedjndiconfig.dita
2024-07-15 14:37:10 INFO [main] [com.pikeelectronic.DirectoryComparer.mod.DirTraverserTemplate:info] Processing comparison of /home/makedoc/server/storage/default/1721051313592/dita/projects/tibco.bwce.sample.binding.rest.BookStore/common/substvar.dita in reference to /home/makedoc/server/storage/default/1721054147391/dita/projects/tibco.bwce.sample.binding.rest.BookStore/common/substvar.dita
2024-07-15 14:37:10 INFO [main] [com.pikeelectronic.DirectoryComparer.mod.DirTraverserTemplate:info] Processing comparison of /home/makedoc/server/storage/default/1721051313592/dita/projects/tibco.bwce.sample.binding.rest.BookStore/common/time.dita in reference to /home/makedoc/server/storage/default/1721054147391/dita/projects/tibco.bwce.sample.binding.rest.BookStore/common/time.dita
2024-07-15 14:37:10 INFO [main] [com.pikeelectronic.DirectoryComparer.mod.DirTraverserTemplate:info] Processing comparison of /home/makedoc/server/storage/default/1721051313592/dita/projects/tibco.bwce.sample.binding.rest.BookStore/common/wsdl.dita in reference to /home/makedoc/server/storage/default/1721054147391/dita/projects/tibco.bwce.sample.binding.rest.BookStore/common/wsdl.dita
2024-07-15 14:37:10 INFO [main] [com.pikeelectronic.DirectoryComparer.mod.DirTraverserTemplate:info] Processing comparison of /home/makedoc/server/storage/default/1721051313592/dita/projects/tibco.bwce.sample.binding.rest.BookStore/common/xsd.dita in reference to /home/makedoc/server/storage/default/1721054147391/dita/projects/tibco.bwce.sample.binding.rest.BookStore/common/xsd.dita
2024-07-15 14:37:10 INFO [main] [com.pikeelectronic.DirectoryComparer.mod.DirTraverserTemplate:info] Processing comparison of /home/makedoc/server/storage/default/1721051313592/dita/projects/tibco.bwce.sample.binding.rest.BookStore/META-INF/default.substvar.dita in reference to /home/makedoc/server/storage/default/1721054147391/dita/projects/tibco.bwce.sample.binding.rest.BookStore/META-INF/default.substvar.dita
2024-07-15 14:37:10 INFO [main] [com.pikeelectronic.DirectoryComparer.mod.DirTraverserTemplate:info] Processing comparison of /home/makedoc/server/storage/default/1721051313592/dita/projects/tibco.bwce.sample.binding.rest.BookStore/Processes/tibco in reference to /home/makedoc/server/storage/default/1721054147391/dita/projects/tibco.bwce.sample.binding.rest.BookStore/Processes/tibco
2024-07-15 14:37:10 INFO [main] [com.pikeelectronic.DirectoryComparer.mod.DirTraverserTemplate:info] Processing comparison of /home/makedoc/server/storage/default/1721051313592/dita/projects/tibco.bwce.sample.binding.rest.BookStore/Processes/tibco/bwce in reference to /home/makedoc/server/storage/default/1721054147391/dita/projects/tibco.bwce.sample.binding.rest.BookStore/Processes/tibco/bwce
2024-07-15 14:37:10 INFO [main] [com.pikeelectronic.DirectoryComparer.mod.DirTraverserTemplate:info] Processing comparison of /home/makedoc/server/storage/default/1721051313592/dita/projects/tibco.bwce.sample.binding.rest.BookStore/Processes/tibco/bwce/sample in reference to /home/makedoc/server/storage/default/1721054147391/dita/projects/tibco.bwce.sample.binding.rest.BookStore/Processes/tibco/bwce/sample
2024-07-15 14:37:10 INFO [main] [com.pikeelectronic.DirectoryComparer.mod.DirTraverserTemplate:info] Processing comparison of /home/makedoc/server/storage/default/1721051313592/dita/projects/tibco.bwce.sample.binding.rest.BookStore/Processes/tibco/bwce/sample/binding in reference to /home/makedoc/server/storage/default/1721054147391/dita/projects/tibco.bwce.sample.binding.rest.BookStore/Processes/tibco/bwce/sample/binding
2024-07-15 14:37:10 INFO [main] [com.pikeelectronic.DirectoryComparer.mod.DirTraverserTemplate:info] Processing comparison of /home/makedoc/server/storage/default/1721051313592/dita/projects/tibco.bwce.sample.binding.rest.BookStore/Processes/tibco/bwce/sample/binding/rest in reference to /home/makedoc/server/storage/default/1721054147391/dita/projects/tibco.bwce.sample.binding.rest.BookStore/Processes/tibco/bwce/sample/binding/rest
2024-07-15 14:37:10 INFO [main] [com.pikeelectronic.DirectoryComparer.mod.DirTraverserTemplate:info] Processing comparison of /home/makedoc/server/storage/default/1721051313592/dita/projects/tibco.bwce.sample.binding.rest.BookStore/Processes/tibco/bwce/sample/binding/rest/bookstore in reference to /home/makedoc/server/storage/default/1721054147391/dita/projects/tibco.bwce.sample.binding.rest.BookStore/Processes/tibco/bwce/sample/binding/rest/bookstore
2024-07-15 14:37:10 INFO [main] [com.pikeelectronic.DirectoryComparer.mod.DirTraverserTemplate:info] Processing comparison of /home/makedoc/server/storage/default/1721051313592/dita/projects/tibco.bwce.sample.binding.rest.BookStore/Processes/tibco/bwce/sample/binding/rest/bookstore/db in reference to /home/makedoc/server/storage/default/1721054147391/dita/projects/tibco.bwce.sample.binding.rest.BookStore/Processes/tibco/bwce/sample/binding/rest/bookstore/db
2024-07-15 14:37:10 INFO [main] [com.pikeelectronic.DirectoryComparer.mod.DirTraverserTemplate:info] Processing comparison of /home/makedoc/server/storage/default/1721051313592/dita/projects/tibco.bwce.sample.binding.rest.BookStore/Processes/tibco/bwce/sample/binding/rest/bookstore/Activator.bwp.dita in reference to /home/makedoc/server/storage/default/1721054147391/dita/projects/tibco.bwce.sample.binding.rest.BookStore/Processes/tibco/bwce/sample/binding/rest/bookstore/Activator.bwp.dita
2024-07-15 14:37:10 WARN [main] [com.pikeelectronic.DirectoryComparer.mod.DirTraverserTemplate:compareItems] Problem with input bindings comparison.
2024-07-15 14:37:10 DEBUG [main] [com.pikeelectronic.DirectoryComparer.mod.DirTraverserTemplate:compareItems] Problem during comparing inpout bindings: null
2024-07-15 14:37:10 DEBUG [main] [com.pikeelectronic.DirectoryComparer.mod.DirTraverserTemplate:compareListInTableNew] FOUND TABLE MODIFICATIONS: /tns1:ActivityInputType/statement'CREATE TABLE IF NOT EXISTS public.events ( summary text, description text, "authorName" text, bookisbn text, date text, id
text ) WITH ( OIDS=FALSE );' --> /tns1:ActivityInputType/statement'CREATE TABLE IF NOT EXISTS public.books (
  isbn text,
  name text,
  description text,
  "authorName" text,
  "releaseDate" date,
  vintage boolean,
  signed boolean,
  price double precision
)
WITH (
  OIDS=FALSE
)'
2024-07-15 14:37:10 DEBUG [main] [com.pikeelectronic.DirectoryComparer.mod.DirTraverserTemplate:compareListInTableNew] 2147483647
2024-07-15 14:37:10 DEBUG [main] [com.pikeelectronic.DirectoryComparer.mod.DirTraverserTemplate:compareListInTableNew] FOUND TABLE REMOVES: /tns1:ActivityInputType/statement'CREATE TABLE IF NOT EXISTS public.events ( summary text, description text, "authorName" text, bookisbn text, date text, id
text ) WITH ( OIDS=FALSE );' --> 
2024-07-15 14:37:10 DEBUG [main] [com.pikeelectronic.DirectoryComparer.mod.DirTraverserTemplate:compareListInTableNew] FOUND TABLE MODIFICATIONS: /tns1:ActivityInputType/statement"INSERT INTO public.books values('0071450149', 'The Power to Predict', 'How Real Time Businesses Anticipate Customer Needs, Create Opportunities, and Beat the Competition', 'Vivek Ranadive', '2006/01/26', false, true, 15.90);INSERT INTO public.books values('0061122416', 'The Alchemist', 'Every few decades a book is published that changes the lives of its readers forever. The Alchemist is such a book', 'Paul Coelho', '2006/04/25', true, true, 11.90);" --> /tns1:ActivityInputType/statement'CREATE TABLE IF NOT EXISTS public.events ( summary text, description text, "authorName" text, bookisbn text, date text, id
text ) WITH ( OIDS=FALSE );'
2024-07-15 14:37:10 DEBUG [main] [com.pikeelectronic.DirectoryComparer.mod.DirTraverserTemplate:compareListInTableNew] 2147483647
2024-07-15 14:37:10 DEBUG [main] [com.pikeelectronic.DirectoryComparer.mod.DirTraverserTemplate:compareListInTableNew] FOUND TABLE REMOVES: /tns1:ActivityInputType/statement"INSERT INTO public.books values('0071450149', 'The Power to Predict', 'How Real Time Businesses Anticipate Customer Needs, Create Opportunities, and Beat the Competition', 'Vivek Ranadive', '2006/01/26', false, true, 15.90);INSERT INTO public.books values('0061122416', 'The Alchemist', 'Every few decades a book is published that changes the lives of its readers forever. The Alchemist is such a book', 'Paul Coelho', '2006/04/25', true, true, 11.90);" --> 
2024-07-15 14:37:10 WARN [main] [com.pikeelectronic.DirectoryComparer.mod.DirTraverserTemplate:compareItems] Problem with input bindings comparison.
2024-07-15 14:37:10 DEBUG [main] [com.pikeelectronic.DirectoryComparer.mod.DirTraverserTemplate:compareItems] Problem during comparing inpout bindings: null
2024-07-15 14:37:10 DEBUG [main] [com.pikeelectronic.DirectoryComparer.mod.DirTraverserTemplate:compareListInTableNew] FOUND TABLE MODIFICATIONS: /tns1:ActivityInputType/statement'CREATE TABLE IF NOT EXISTS public.events ( summary text, description text, "authorName" text, bookisbn text, date text, id
text ) WITH ( OIDS=FALSE );' --> /tns1:ActivityInputType/statement'CREATE TABLE IF NOT EXISTS public.books (
  isbn text,
  name text,
  description text,
  "authorName" text,
  "releaseDate" date,
  vintage boolean,
  signed boolean,
  price double precision
)
WITH (
  OIDS=FALSE
)'
2024-07-15 14:37:10 DEBUG [main] [com.pikeelectronic.DirectoryComparer.mod.DirTraverserTemplate:compareListInTableNew] 2147483647
2024-07-15 14:37:10 DEBUG [main] [com.pikeelectronic.DirectoryComparer.mod.DirTraverserTemplate:compareListInTableNew] FOUND TABLE REMOVES: /tns1:ActivityInputType/statement'CREATE TABLE IF NOT EXISTS public.events ( summary text, description text, "authorName" text, bookisbn text, date text, id
text ) WITH ( OIDS=FALSE );' --> 
2024-07-15 14:37:10 DEBUG [main] [com.pikeelectronic.DirectoryComparer.mod.DirTraverserTemplate:compareListInTableNew] FOUND TABLE MODIFICATIONS: /tns1:ActivityInputType/statement"INSERT INTO public.books values('0071450149', 'The Power to Predict', 'How Real Time Businesses Anticipate Customer Needs, Create Opportunities, and Beat the Competition', 'Vivek Ranadive', '2006/01/26', false, true, 15.90);INSERT INTO public.books values('0061122416', 'The Alchemist', 'Every few decades a book is published that changes the lives of its readers forever. The Alchemist is such a book', 'Paul Coelho', '2006/04/25', true, true, 11.90);" --> /tns1:ActivityInputType/statement'CREATE TABLE IF NOT EXISTS public.events ( summary text, description text, "authorName" text, bookisbn text, date text, id
text ) WITH ( OIDS=FALSE );'
2024-07-15 14:37:10 DEBUG [main] [com.pikeelectronic.DirectoryComparer.mod.DirTraverserTemplate:compareListInTableNew] 2147483647
2024-07-15 14:37:10 DEBUG [main] [com.pikeelectronic.DirectoryComparer.mod.DirTraverserTemplate:compareListInTableNew] FOUND TABLE REMOVES: /tns1:ActivityInputType/statement"INSERT INTO public.books values('0071450149', 'The Power to Predict', 'How Real Time Businesses Anticipate Customer Needs, Create Opportunities, and Beat the Competition', 'Vivek Ranadive', '2006/01/26', false, true, 15.90);INSERT INTO public.books values('0061122416', 'The Alchemist', 'Every few decades a book is published that changes the lives of its readers forever. The Alchemist is such a book', 'Paul Coelho', '2006/04/25', true, true, 11.90);" --> 
2024-07-15 14:37:10 WARN [main] [com.pikeelectronic.DirectoryComparer.mod.DirTraverserTemplate:compareItems] Problem with input bindings comparison.
2024-07-15 14:37:10 DEBUG [main] [com.pikeelectronic.DirectoryComparer.mod.DirTraverserTemplate:compareItems] Problem during comparing inpout bindings: null
2024-07-15 14:37:10 DEBUG [main] [com.pikeelectronic.DirectoryComparer.mod.DirTraverserTemplate:compareListInTableNew] FOUND TABLE MODIFICATIONS: /tns1:ActivityInputType/statement'CREATE TABLE IF NOT EXISTS public.events ( summary text, description text, "authorName" text, bookisbn text, date text, id
text ) WITH ( OIDS=FALSE );' --> /tns1:ActivityInputType/statement'CREATE TABLE IF NOT EXISTS public.books (
  isbn text,
  name text,
  description text,
  "authorName" text,
  "releaseDate" date,
  vintage boolean,
  signed boolean,
  price double precision
)
WITH (
  OIDS=FALSE
)'
2024-07-15 14:37:10 DEBUG [main] [com.pikeelectronic.DirectoryComparer.mod.DirTraverserTemplate:compareListInTableNew] 2147483647
2024-07-15 14:37:10 DEBUG [main] [com.pikeelectronic.DirectoryComparer.mod.DirTraverserTemplate:compareListInTableNew] FOUND TABLE REMOVES: /tns1:ActivityInputType/statement'CREATE TABLE IF NOT EXISTS public.events ( summary text, description text, "authorName" text, bookisbn text, date text, id
text ) WITH ( OIDS=FALSE );' --> 
2024-07-15 14:37:10 DEBUG [main] [com.pikeelectronic.DirectoryComparer.mod.DirTraverserTemplate:compareListInTableNew] FOUND TABLE MODIFICATIONS: /tns1:ActivityInputType/statement"INSERT INTO public.books values('0071450149', 'The Power to Predict', 'How Real Time Businesses Anticipate Customer Needs, Create Opportunities, and Beat the Competition', 'Vivek Ranadive', '2006/01/26', false, true, 15.90);INSERT INTO public.books values('0061122416', 'The Alchemist', 'Every few decades a book is published that changes the lives of its readers forever. The Alchemist is such a book', 'Paul Coelho', '2006/04/25', true, true, 11.90);" --> /tns1:ActivityInputType/statement'CREATE TABLE IF NOT EXISTS public.events ( summary text, description text, "authorName" text, bookisbn text, date text, id
text ) WITH ( OIDS=FALSE );'
2024-07-15 14:37:10 DEBUG [main] [com.pikeelectronic.DirectoryComparer.mod.DirTraverserTemplate:compareListInTableNew] 2147483647
2024-07-15 14:37:10 DEBUG [main] [com.pikeelectronic.DirectoryComparer.mod.DirTraverserTemplate:compareListInTableNew] FOUND TABLE REMOVES: /tns1:ActivityInputType/statement"INSERT INTO public.books values('0071450149', 'The Power to Predict', 'How Real Time Businesses Anticipate Customer Needs, Create Opportunities, and Beat the Competition', 'Vivek Ranadive', '2006/01/26', false, true, 15.90);INSERT INTO public.books values('0061122416', 'The Alchemist', 'Every few decades a book is published that changes the lives of its readers forever. The Alchemist is such a book', 'Paul Coelho', '2006/04/25', true, true, 11.90);" --> 
2024-07-15 14:37:10 WARN [main] [com.pikeelectronic.DirectoryComparer.mod.DirTraverserTemplate:compareItems] Problem with input bindings comparison.
2024-07-15 14:37:10 DEBUG [main] [com.pikeelectronic.DirectoryComparer.mod.DirTraverserTemplate:compareItems] Problem during comparing inpout bindings: null
2024-07-15 14:37:10 WARN [main] [com.pikeelectronic.DirectoryComparer.mod.DirTraverserTemplate:compareItems] Problem with input bindings comparison.
2024-07-15 14:37:10 DEBUG [main] [com.pikeelectronic.DirectoryComparer.mod.DirTraverserTemplate:compareItems] Problem during comparing inpout bindings: null
2024-07-15 14:37:10 WARN [main] [com.pikeelectronic.DirectoryComparer.mod.DirTraverserTemplate:compareItems] Problem with input bindings comparison.
2024-07-15 14:37:10 DEBUG [main] [com.pikeelectronic.DirectoryComparer.mod.DirTraverserTemplate:compareItems] Problem during comparing inpout bindings: null
2024-07-15 14:37:10 WARN [main] [com.pikeelectronic.DirectoryComparer.mod.DirTraverserTemplate:compareItems] Problem with input bindings comparison.
2024-07-15 14:37:10 DEBUG [main] [com.pikeelectronic.DirectoryComparer.mod.DirTraverserTemplate:compareItems] Problem during comparing inpout bindings: null
2024-07-15 14:37:10 WARN [main] [com.pikeelectronic.DirectoryComparer.mod.DirTraverserTemplate:compareItems] Problem with input bindings comparison.
2024-07-15 14:37:10 DEBUG [main] [com.pikeelectronic.DirectoryComparer.mod.DirTraverserTemplate:compareItems] Problem during comparing inpout bindings: null
2024-07-15 14:37:10 INFO [main] [com.pikeelectronic.DirectoryComparer.mod.dita.DitaGenerator:info] Generating dita topic file: /home/makedoc/server/storage/default/1721054227607/dita/changed/tibco.bwce.sample.binding.rest.BookStore/Processes/ditaTopic0.dita...original file: /home/makedoc/server/storage/default/1721054147391/dita/projects/tibco.bwce.sample.binding.rest.BookStore/Processes/tibco/bwce/sample/binding/rest/bookstore/Activator.bwp.dita
2024-07-15 14:37:10 INFO [main] [com.pikeelectronic.DirectoryComparer.mod.DirTraverserTemplate:info] Processing comparison of /home/makedoc/server/storage/default/1721051313592/dita/projects/tibco.bwce.sample.binding.rest.BookStore/Processes/tibco/bwce/sample/binding/rest/bookstore/Books.bwp.dita in reference to /home/makedoc/server/storage/default/1721054147391/dita/projects/tibco.bwce.sample.binding.rest.BookStore/Processes/tibco/bwce/sample/binding/rest/bookstore/Books.bwp.dita
2024-07-15 14:37:10 INFO [main] [com.pikeelectronic.DirectoryComparer.mod.DirTraverserTemplate:info] Processing comparison of /home/makedoc/server/storage/default/1721051313592/dita/projects/tibco.bwce.sample.binding.rest.BookStore/Processes/tibco/bwce/sample/binding/rest/bookstore/Events.bwp.dita in reference to /home/makedoc/server/storage/default/1721054147391/dita/projects/tibco.bwce.sample.binding.rest.BookStore/Processes/tibco/bwce/sample/binding/rest/bookstore/Events.bwp.dita
2024-07-15 14:37:10 INFO [main] [com.pikeelectronic.DirectoryComparer.mod.DirTraverserTemplate:info] Processing comparison of /home/makedoc/server/storage/default/1721051313592/dita/projects/tibco.bwce.sample.binding.rest.BookStore/Processes/tibco/bwce/sample/binding/rest/bookstore/LogProcess.bwp.dita in reference to /home/makedoc/server/storage/default/1721054147391/dita/projects/tibco.bwce.sample.binding.rest.BookStore/Processes/tibco/bwce/sample/binding/rest/bookstore/LogProcess.bwp.dita
2024-07-15 14:37:10 INFO [main] [com.pikeelectronic.DirectoryComparer.mod.DirTraverserTemplate:info] Processing comparison of /home/makedoc/server/storage/default/1721051313592/dita/projects/tibco.bwce.sample.binding.rest.BookStore/Processes/tibco/bwce/sample/binding/rest/bookstore/db/BooksDB.bwp.dita in reference to /home/makedoc/server/storage/default/1721054147391/dita/projects/tibco.bwce.sample.binding.rest.BookStore/Processes/tibco/bwce/sample/binding/rest/bookstore/db/BooksDB.bwp.dita
2024-07-15 14:37:10 INFO [main] [com.pikeelectronic.DirectoryComparer.mod.DirTraverserTemplate:info] Processing comparison of /home/makedoc/server/storage/default/1721051313592/dita/projects/tibco.bwce.sample.binding.rest.BookStore/Processes/tibco/bwce/sample/binding/rest/bookstore/db/EventsDB.bwp.dita in reference to /home/makedoc/server/storage/default/1721054147391/dita/projects/tibco.bwce.sample.binding.rest.BookStore/Processes/tibco/bwce/sample/binding/rest/bookstore/db/EventsDB.bwp.dita
2024-07-15 14:37:10 INFO [main] [com.pikeelectronic.DirectoryComparer.mod.DirTraverserTemplate:info] Processing comparison of /home/makedoc/server/storage/default/1721051313592/dita/projects/tibco.bwce.sample.binding.rest.BookStore/Resources/tibco in reference to /home/makedoc/server/storage/default/1721054147391/dita/projects/tibco.bwce.sample.binding.rest.BookStore/Resources/tibco
2024-07-15 14:37:10 INFO [main] [com.pikeelectronic.DirectoryComparer.mod.DirTraverserTemplate:info] Processing comparison of /home/makedoc/server/storage/default/1721051313592/dita/projects/tibco.bwce.sample.binding.rest.BookStore/Resources/tibco/bwce in reference to /home/makedoc/server/storage/default/1721054147391/dita/projects/tibco.bwce.sample.binding.rest.BookStore/Resources/tibco/bwce
2024-07-15 14:37:10 INFO [main] [com.pikeelectronic.DirectoryComparer.mod.DirTraverserTemplate:info] Processing comparison of /home/makedoc/server/storage/default/1721051313592/dita/projects/tibco.bwce.sample.binding.rest.BookStore/Resources/tibco/bwce/sample in reference to /home/makedoc/server/storage/default/1721054147391/dita/projects/tibco.bwce.sample.binding.rest.BookStore/Resources/tibco/bwce/sample
2024-07-15 14:37:10 INFO [main] [com.pikeelectronic.DirectoryComparer.mod.DirTraverserTemplate:info] Processing comparison of /home/makedoc/server/storage/default/1721051313592/dita/projects/tibco.bwce.sample.binding.rest.BookStore/Resources/tibco/bwce/sample/binding in reference to /home/makedoc/server/storage/default/1721054147391/dita/projects/tibco.bwce.sample.binding.rest.BookStore/Resources/tibco/bwce/sample/binding
2024-07-15 14:37:10 INFO [main] [com.pikeelectronic.DirectoryComparer.mod.DirTraverserTemplate:info] Processing comparison of /home/makedoc/server/storage/default/1721051313592/dita/projects/tibco.bwce.sample.binding.rest.BookStore/Resources/tibco/bwce/sample/binding/rest in reference to /home/makedoc/server/storage/default/1721054147391/dita/projects/tibco.bwce.sample.binding.rest.BookStore/Resources/tibco/bwce/sample/binding/rest
2024-07-15 14:37:10 INFO [main] [com.pikeelectronic.DirectoryComparer.mod.DirTraverserTemplate:info] Processing comparison of /home/makedoc/server/storage/default/1721051313592/dita/projects/tibco.bwce.sample.binding.rest.BookStore/Resources/tibco/bwce/sample/binding/rest/BookStore in reference to /home/makedoc/server/storage/default/1721054147391/dita/projects/tibco.bwce.sample.binding.rest.BookStore/Resources/tibco/bwce/sample/binding/rest/BookStore
2024-07-15 14:37:10 INFO [main] [com.pikeelectronic.DirectoryComparer.mod.DirTraverserTemplate:info] Processing comparison of /home/makedoc/server/storage/default/1721051313592/dita/projects/tibco.bwce.sample.binding.rest.BookStore/Resources/tibco/bwce/sample/binding/rest/BookStore/Books.httpConnResource.dita in reference to /home/makedoc/server/storage/default/1721054147391/dita/projects/tibco.bwce.sample.binding.rest.BookStore/Resources/tibco/bwce/sample/binding/rest/BookStore/Books.httpConnResource.dita
2024-07-15 14:37:10 INFO [main] [com.pikeelectronic.DirectoryComparer.mod.DirTraverserTemplate:info] Processing comparison of /home/makedoc/server/storage/default/1721051313592/dita/projects/tibco.bwce.sample.binding.rest.BookStore/Resources/tibco/bwce/sample/binding/rest/BookStore/JDBCConnectionResource.jdbcResource.dita in reference to /home/makedoc/server/storage/default/1721054147391/dita/projects/tibco.bwce.sample.binding.rest.BookStore/Resources/tibco/bwce/sample/binding/rest/BookStore/JDBCConnectionResource.jdbcResource.dita
2024-07-15 14:37:10 INFO [main] [com.pikeelectronic.DirectoryComparer.mod.DirTraverserTemplate:info] Processing comparison of /home/makedoc/server/storage/default/1721051313592/dita/projects/tibco.bwce.sample.binding.rest.BookStore/Schemas/Books.xsd.dita in reference to /home/makedoc/server/storage/default/1721054147391/dita/projects/tibco.bwce.sample.binding.rest.BookStore/Schemas/Books.xsd.dita
2024-07-15 14:37:10 INFO [main] [com.pikeelectronic.DirectoryComparer.mod.DirTraverserTemplate:info] Processing comparison of /home/makedoc/server/storage/default/1721051313592/dita/projects/tibco.bwce.sample.binding.rest.BookStore/Schemas/BooksSchema.xsd.dita in reference to /home/makedoc/server/storage/default/1721054147391/dita/projects/tibco.bwce.sample.binding.rest.BookStore/Schemas/BooksSchema.xsd.dita
2024-07-15 14:37:10 INFO [main] [com.pikeelectronic.DirectoryComparer.mod.DirTraverserTemplate:info] Processing comparison of /home/makedoc/server/storage/default/1721051313592/dita/projects/tibco.bwce.sample.binding.rest.BookStore/Schemas/Events.xsd.dita in reference to /home/makedoc/server/storage/default/1721054147391/dita/projects/tibco.bwce.sample.binding.rest.BookStore/Schemas/Events.xsd.dita
2024-07-15 14:37:10 INFO [main] [com.pikeelectronic.DirectoryComparer.mod.DirTraverserTemplate:info] Processing comparison of /home/makedoc/server/storage/default/1721051313592/dita/projects/tibco.bwce.sample.binding.rest.BookStore/Schemas/EventsSchema.xsd.dita in reference to /home/makedoc/server/storage/default/1721054147391/dita/projects/tibco.bwce.sample.binding.rest.BookStore/Schemas/EventsSchema.xsd.dita
2024-07-15 14:37:10 INFO [main] [com.pikeelectronic.DirectoryComparer.mod.DirTraverserTemplate:info] Processing comparison of /home/makedoc/server/storage/default/1721051313592/dita/projects/tibco.bwce.sample.binding.rest.BookStore/Schemas/RESTSchema.xsd.dita in reference to /home/makedoc/server/storage/default/1721054147391/dita/projects/tibco.bwce.sample.binding.rest.BookStore/Schemas/RESTSchema.xsd.dita
2024-07-15 14:37:10 INFO [main] [com.pikeelectronic.DirectoryComparer.mod.DirTraverserTemplate:info] Processing comparison of /home/makedoc/server/storage/default/1721051313592/dita/projects/tibco.bwce.sample.binding.rest.BookStore/Service_Descriptors/Books.wsdl.dita in reference to /home/makedoc/server/storage/default/1721054147391/dita/projects/tibco.bwce.sample.binding.rest.BookStore/Service_Descriptors/Books.wsdl.dita
2024-07-15 14:37:10 INFO [main] [com.pikeelectronic.DirectoryComparer.mod.DirTraverserTemplate:info] Processing comparison of /home/makedoc/server/storage/default/1721051313592/dita/projects/tibco.bwce.sample.binding.rest.BookStore/Service_Descriptors/BooksDBService.wsdl.dita in reference to /home/makedoc/server/storage/default/1721054147391/dita/projects/tibco.bwce.sample.binding.rest.BookStore/Service_Descriptors/BooksDBService.wsdl.dita
2024-07-15 14:37:10 INFO [main] [com.pikeelectronic.DirectoryComparer.mod.DirTraverserTemplate:info] Processing comparison of /home/makedoc/server/storage/default/1721051313592/dita/projects/tibco.bwce.sample.binding.rest.BookStore/Service_Descriptors/Events.wsdl.dita in reference to /home/makedoc/server/storage/default/1721054147391/dita/projects/tibco.bwce.sample.binding.rest.BookStore/Service_Descriptors/Events.wsdl.dita
2024-07-15 14:37:10 INFO [main] [com.pikeelectronic.DirectoryComparer.mod.DirTraverserTemplate:info] Processing comparison of /home/makedoc/server/storage/default/1721051313592/dita/projects/tibco.bwce.sample.binding.rest.BookStore/Service_Descriptors/EventsDBService.wsdl.dita in reference to /home/makedoc/server/storage/default/1721054147391/dita/projects/tibco.bwce.sample.binding.rest.BookStore/Service_Descriptors/EventsDBService.wsdl.dita
2024-07-15 14:37:10 INFO [main] [com.pikeelectronic.DirectoryComparer.mod.DirTraverserTemplate:info] Processing comparison of /home/makedoc/server/storage/default/1721051313592/dita/projects/tibco.bwce.sample.binding.rest.BookStore/Service_Descriptors/ModuleActivator.wsdl.dita in reference to /home/makedoc/server/storage/default/1721054147391/dita/projects/tibco.bwce.sample.binding.rest.BookStore/Service_Descriptors/ModuleActivator.wsdl.dita
2024-07-15 14:37:10 INFO [main] [com.pikeelectronic.DirectoryComparer.mod.DirTraverserTemplate:info] Processing comparison of /home/makedoc/server/storage/default/1721051313592/dita/projects/tibco.bwce.sample.binding.rest.BookStore.application/common in reference to /home/makedoc/server/storage/default/1721054147391/dita/projects/tibco.bwce.sample.binding.rest.BookStore.application/common
2024-07-15 14:37:10 INFO [main] [com.pikeelectronic.DirectoryComparer.mod.DirTraverserTemplate:info] Processing comparison of /home/makedoc/server/storage/default/1721051313592/dita/projects/tibco.bwce.sample.binding.rest.BookStore.application/dependencies in reference to /home/makedoc/server/storage/default/1721054147391/dita/projects/tibco.bwce.sample.binding.rest.BookStore.application/dependencies
2024-07-15 14:37:10 INFO [main] [com.pikeelectronic.DirectoryComparer.mod.DirTraverserTemplate:info] Processing comparison of /home/makedoc/server/storage/default/1721051313592/dita/projects/tibco.bwce.sample.binding.rest.BookStore.application/META-INF in reference to /home/makedoc/server/storage/default/1721054147391/dita/projects/tibco.bwce.sample.binding.rest.BookStore.application/META-INF
2024-07-15 14:37:10 INFO [main] [com.pikeelectronic.DirectoryComparer.mod.DirTraverserTemplate:info] Processing comparison of /home/makedoc/server/storage/default/1721051313592/dita/projects/tibco.bwce.sample.binding.rest.BookStore.application/common/policy.dita in reference to /home/makedoc/server/storage/default/1721054147391/dita/projects/tibco.bwce.sample.binding.rest.BookStore.application/common/policy.dita
2024-07-15 14:37:10 INFO [main] [com.pikeelectronic.DirectoryComparer.mod.DirTraverserTemplate:info] Processing comparison of /home/makedoc/server/storage/default/1721051313592/dita/projects/tibco.bwce.sample.binding.rest.BookStore.application/common/process.dita in reference to /home/makedoc/server/storage/default/1721054147391/dita/projects/tibco.bwce.sample.binding.rest.BookStore.application/common/process.dita
2024-07-15 14:37:10 INFO [main] [com.pikeelectronic.DirectoryComparer.mod.DirTraverserTemplate:info] Processing comparison of /home/makedoc/server/storage/default/1721051313592/dita/projects/tibco.bwce.sample.binding.rest.BookStore.application/common/sharedftp.dita in reference to /home/makedoc/server/storage/default/1721054147391/dita/projects/tibco.bwce.sample.binding.rest.BookStore.application/common/sharedftp.dita
2024-07-15 14:37:10 INFO [main] [com.pikeelectronic.DirectoryComparer.mod.DirTraverserTemplate:info] Processing comparison of /home/makedoc/server/storage/default/1721051313592/dita/projects/tibco.bwce.sample.binding.rest.BookStore.application/common/sharedhttp.dita in reference to /home/makedoc/server/storage/default/1721054147391/dita/projects/tibco.bwce.sample.binding.rest.BookStore.application/common/sharedhttp.dita
2024-07-15 14:37:10 INFO [main] [com.pikeelectronic.DirectoryComparer.mod.DirTraverserTemplate:info] Processing comparison of /home/makedoc/server/storage/default/1721051313592/dita/projects/tibco.bwce.sample.binding.rest.BookStore.application/common/sharedjdbc.dita in reference to /home/makedoc/server/storage/default/1721054147391/dita/projects/tibco.bwce.sample.binding.rest.BookStore.application/common/sharedjdbc.dita
2024-07-15 14:37:10 INFO [main] [com.pikeelectronic.DirectoryComparer.mod.DirTraverserTemplate:info] Processing comparison of /home/makedoc/server/storage/default/1721051313592/dita/projects/tibco.bwce.sample.binding.rest.BookStore.application/common/sharedjmscon.dita in reference to /home/makedoc/server/storage/default/1721054147391/dita/projects/tibco.bwce.sample.binding.rest.BookStore.application/common/sharedjmscon.dita
2024-07-15 14:37:10 INFO [main] [com.pikeelectronic.DirectoryComparer.mod.DirTraverserTemplate:info] Processing comparison of /home/makedoc/server/storage/default/1721051313592/dita/projects/tibco.bwce.sample.binding.rest.BookStore.application/common/sharedjndiconfig.dita in reference to /home/makedoc/server/storage/default/1721054147391/dita/projects/tibco.bwce.sample.binding.rest.BookStore.application/common/sharedjndiconfig.dita
2024-07-15 14:37:10 INFO [main] [com.pikeelectronic.DirectoryComparer.mod.DirTraverserTemplate:info] Processing comparison of /home/makedoc/server/storage/default/1721051313592/dita/projects/tibco.bwce.sample.binding.rest.BookStore.application/common/substvar.dita in reference to /home/makedoc/server/storage/default/1721054147391/dita/projects/tibco.bwce.sample.binding.rest.BookStore.application/common/substvar.dita
2024-07-15 14:37:10 INFO [main] [com.pikeelectronic.DirectoryComparer.mod.DirTraverserTemplate:info] Processing comparison of /home/makedoc/server/storage/default/1721051313592/dita/projects/tibco.bwce.sample.binding.rest.BookStore.application/common/time.dita in reference to /home/makedoc/server/storage/default/1721054147391/dita/projects/tibco.bwce.sample.binding.rest.BookStore.application/common/time.dita
2024-07-15 14:37:10 INFO [main] [com.pikeelectronic.DirectoryComparer.mod.DirTraverserTemplate:info] Processing comparison of /home/makedoc/server/storage/default/1721051313592/dita/projects/tibco.bwce.sample.binding.rest.BookStore.application/common/wsdl.dita in reference to /home/makedoc/server/storage/default/1721054147391/dita/projects/tibco.bwce.sample.binding.rest.BookStore.application/common/wsdl.dita
2024-07-15 14:37:10 INFO [main] [com.pikeelectronic.DirectoryComparer.mod.DirTraverserTemplate:info] Processing comparison of /home/makedoc/server/storage/default/1721051313592/dita/projects/tibco.bwce.sample.binding.rest.BookStore.application/common/xsd.dita in reference to /home/makedoc/server/storage/default/1721054147391/dita/projects/tibco.bwce.sample.binding.rest.BookStore.application/common/xsd.dita
2024-07-15 14:37:10 INFO [main] [com.pikeelectronic.DirectoryComparer.mod.DirTraverserTemplate:info] Processing comparison of /home/makedoc/server/storage/default/1721051313592/dita/projects/tibco.bwce.sample.binding.rest.BookStore.application/META-INF/default.substvar.dita in reference to /home/makedoc/server/storage/default/1721054147391/dita/projects/tibco.bwce.sample.binding.rest.BookStore.application/META-INF/default.substvar.dita
2024-07-15 14:37:10 INFO [main] [com.pikeelectronic.DirectoryComparer.mod.DirTraverserTemplate:info] Processing comparison of /home/makedoc/server/storage/default/1721051313592/dita/projects/tibco.bwce.sample.binding.rest.BookStore.application/META-INF/docker.substvar.dita in reference to /home/makedoc/server/storage/default/1721054147391/dita/projects/tibco.bwce.sample.binding.rest.BookStore.application/META-INF/docker.substvar.dita
2024-07-15 14:37:11 INFO [main] [com.pikeelectronic.DirectoryComparer.mod.DirTraverserTemplate:info] Processing comparison of /home/makedoc/server/storage/default/1721051313592/dita/projects/tibco.bwce.sample.binding.rest.BookStore.application/META-INF/local.substvar.dita in reference to /home/makedoc/server/storage/default/1721054147391/dita/projects/tibco.bwce.sample.binding.rest.BookStore.application/META-INF/local.substvar.dita
2024-07-15 14:37:11 INFO [main] [com.pike.rita.api.RitaCalling:runDirCompar] ------------------------------------------------CONNECTING DITA STRUCTURE-------------------------------------------------
2024-07-15 14:37:11 INFO [main] [com.pikeelectronic.DirectoryComparer.mod.DitaModule:info] Generating dita introduction file: /home/makedoc/server/storage/default/1721054227607/dita/intro.dita
2024-07-15 14:37:11 INFO [main] [com.pikeelectronic.DirectoryComparer.mod.dita.DitaGenerator:info] Generating dita map file: /home/makedoc/server/storage/default/1721054227607/dita/changed/tibco.bwce.sample.binding.rest.BookStore/Processes/Processes.ditamap
2024-07-15 14:37:11 INFO [main] [com.pikeelectronic.DirectoryComparer.mod.dita.DitaGenerator:info] Generating dita file: /home/makedoc/server/storage/default/1721054227607/dita/changed/tibco.bwce.sample.binding.rest.BookStore/Processes/files.dita
2024-07-15 14:37:11 INFO [main] [com.pikeelectronic.DirectoryComparer.mod.dita.DitaGenerator:info] Generating dita map file: /home/makedoc/server/storage/default/1721054227607/dita/changed/tibco.bwce.sample.binding.rest.BookStore/tibco.bwce.sample.binding.rest.BookStore.ditamap
2024-07-15 14:37:11 INFO [main] [com.pikeelectronic.DirectoryComparer.mod.dita.DitaGenerator:info] Generating dita file: /home/makedoc/server/storage/default/1721054227607/dita/changed/tibco.bwce.sample.binding.rest.BookStore/files.dita
2024-07-15 14:37:11 INFO [main] [com.pikeelectronic.DirectoryComparer.mod.dita.DitaGenerator:info] Generating dita map file: /home/makedoc/server/storage/default/1721054227607/dita/changed/changed.ditamap
2024-07-15 14:37:11 INFO [main] [com.pikeelectronic.DirectoryComparer.mod.dita.DitaGenerator:info] Generating dita file: /home/makedoc/server/storage/default/1721054227607/dita/changed/files.dita
2024-07-15 14:37:11 INFO [main] [com.pikeelectronic.DirectoryComparer.mod.dita.DitaGenerator:info] Modyfing root file info: /home/makedoc/server/storage/default/1721054227607/dita/changed/files.dita
2024-07-15 14:37:11 INFO [main] [com.pikeelectronic.DirectoryComparer.mod.DitaModule:info] Generating dita root map file: /home/makedoc/server/storage/default/1721054227607/dita/output.ditamap
2024-07-15 14:37:11 INFO [main] [com.pike.rita.api.RitaCalling:runDirCompar] ------------------------------------------------DITA FINISHED-------------------------------------------------------------
