2024-07-16 13:24:11 INFO [main] [com.j256.ormlite.table.TableUtils:invoke0] creating table 'records'
2024-07-16 13:24:11 INFO [main] [com.j256.ormlite.table.TableUtils:invoke0] executed create table statement changed 0 rows: CREATE TABLE IF NOT EXISTS `records` (`close_date` TIMESTAMP , `create_date` TIMESTAMP , `html` INTEGER , `md` TINYINT(1) , `id` BIGINT AUTO_INCREMENT , `module` VARCHAR(255) , `pdf` TINYINT(1) , `dita` TINYINT(1) , `group` VARCHAR(255) , `repository` VARCHAR(255) , `type` VARCHAR(255) , `uri` VARCHAR(255) , `docx` TINYINT(1) , `depends` VARCHAR(255) , `stats` VARCHAR(255) , PRIMARY KEY (`id`) ) 

checkTask.check.generic:
     [echo] Testing MakeDoc config - general

checkTask.check.module:
     [echo] Testing MakeDoc config - eagle

setEagleDevEnv:

setEagleProdEnv:
     [echo] Setting Eagle production environment

getIconsDev:

getIconsProd:
    [mkdir] Created dir: /home/makedoc/server/storage/default/1721136250430/tmp/icons/com/pike/commons/wsdl
     [copy] Copying 10 files to /home/makedoc/server/storage/default/1721136250430/tmp/icons/com/pike/commons/wsdl
    [unzip] Expanding: /home/makedoc/tibco/eclipse-platform/bundlepool/1.0/org.eclipse.equinox.p2.touchpoint.eclipse/plugins/com.tibco.bw.core.design.process.editor_6.3.700.016.jar into /home/makedoc/server/storage/default/1721136250430/tmp
    [unzip] Expanding: /home/makedoc/tibco/eclipse-platform/bundlepool/1.0/org.eclipse.equinox.p2.touchpoint.eclipse/plugins/com.tibco.bw.core.model.eclipse_6.3.700.005.jar into /home/makedoc/server/storage/default/1721136250430/tmp
    [unzip] Expanding: /home/makedoc/tibco/eclipse-platform/bundlepool/1.0/org.eclipse.equinox.p2.touchpoint.eclipse/plugins/com.tibco.bw.palette.file.model_6.3.700.002.jar into /home/makedoc/server/storage/default/1721136250430/tmp
    [unzip] Expanding: /home/makedoc/tibco/eclipse-platform/bundlepool/1.0/org.eclipse.equinox.p2.touchpoint.eclipse/plugins/com.tibco.bw.palette.ftl.model_6.1.700.002.jar into /home/makedoc/server/storage/default/1721136250430/tmp
    [unzip] Expanding: /home/makedoc/tibco/eclipse-platform/bundlepool/1.0/org.eclipse.equinox.p2.touchpoint.eclipse/plugins/com.tibco.bw.palette.ftp.model_6.3.700.002.jar into /home/makedoc/server/storage/default/1721136250430/tmp
    [unzip] Expanding: /home/makedoc/tibco/eclipse-platform/bundlepool/1.0/org.eclipse.equinox.p2.touchpoint.eclipse/plugins/com.tibco.bw.palette.generalactivities.model_6.3.700.002.jar into /home/makedoc/server/storage/default/1721136250430/tmp
    [unzip] Expanding: /home/makedoc/tibco/eclipse-platform/bundlepool/1.0/org.eclipse.equinox.p2.touchpoint.eclipse/plugins/com.tibco.bw.palette.http.model_6.3.700.002.jar into /home/makedoc/server/storage/default/1721136250430/tmp
    [unzip] Expanding: /home/makedoc/tibco/eclipse-platform/bundlepool/1.0/org.eclipse.equinox.p2.touchpoint.eclipse/plugins/com.tibco.bw.palette.java.model_6.3.700.002.jar into /home/makedoc/server/storage/default/1721136250430/tmp
    [unzip] Expanding: /home/makedoc/tibco/eclipse-platform/bundlepool/1.0/org.eclipse.equinox.p2.touchpoint.eclipse/plugins/com.tibco.bw.palette.jdbc.model_6.3.700.002.jar into /home/makedoc/server/storage/default/1721136250430/tmp
    [unzip] Expanding: /home/makedoc/tibco/eclipse-platform/bundlepool/1.0/org.eclipse.equinox.p2.touchpoint.eclipse/plugins/com.tibco.bw.palette.jms.model_6.3.700.002.jar into /home/makedoc/server/storage/default/1721136250430/tmp
    [unzip] Expanding: /home/makedoc/tibco/eclipse-platform/bundlepool/1.0/org.eclipse.equinox.p2.touchpoint.eclipse/plugins/com.tibco.bw.palette.mail.model_6.3.700.002.jar into /home/makedoc/server/storage/default/1721136250430/tmp
    [unzip] Expanding: /home/makedoc/tibco/eclipse-platform/bundlepool/1.0/org.eclipse.equinox.p2.touchpoint.eclipse/plugins/com.tibco.bw.palette.parse.model_6.3.700.002.jar into /home/makedoc/server/storage/default/1721136250430/tmp
    [unzip] Expanding: /home/makedoc/tibco/eclipse-platform/bundlepool/1.0/org.eclipse.equinox.p2.touchpoint.eclipse/plugins/com.tibco.bw.palette.rescue.model_6.3.700.002.jar into /home/makedoc/server/storage/default/1721136250430/tmp
    [unzip] Expanding: /home/makedoc/tibco/eclipse-platform/bundlepool/1.0/org.eclipse.equinox.p2.touchpoint.eclipse/plugins/com.tibco.bw.palette.restjson.model_6.4.700.002.jar into /home/makedoc/server/storage/default/1721136250430/tmp
    [unzip] Expanding: /home/makedoc/tibco/eclipse-platform/bundlepool/1.0/org.eclipse.equinox.p2.touchpoint.eclipse/plugins/com.tibco.bw.palette.rv.model_6.3.700.002.jar into /home/makedoc/server/storage/default/1721136250430/tmp
    [unzip] Expanding: /home/makedoc/tibco/eclipse-platform/bundlepool/1.0/org.eclipse.equinox.p2.touchpoint.eclipse/plugins/com.tibco.bw.palette.tcp.model_6.3.700.002.jar into /home/makedoc/server/storage/default/1721136250430/tmp
    [unzip] Expanding: /home/makedoc/tibco/eclipse-platform/bundlepool/1.0/org.eclipse.equinox.p2.touchpoint.eclipse/plugins/com.tibco.bw.palette.xml.model_6.3.700.002.jar into /home/makedoc/server/storage/default/1721136250430/tmp

setEagleEnv:

bw2dita:
     [echo] *****************************************************************************
     [echo]          MakeDoc NG - TIBCO BusinessWorks6 module (codename Eagle)           
     [echo] *****************************************************************************
     [java] 2024-07-16 13:24:13 INFO [main] --------------------------- BW DIRECTOR ARGUMENTS ---------------------------
     [java] 2024-07-16 13:24:13 INFO [main] Input Data: {"projects":[{"uri":"Projects/tibco.bwce.sample.binding.rest.BookStore.application.project"},{"uri":"Projects/tibco.bwce.sample.binding.rest.BookStore.project"}]}
     [java] 2024-07-16 13:24:13 INFO [main] Snapshot Directory: /home/makedoc/server/storage/default/1721136250430
     [java] 2024-07-16 13:24:13 INFO [main] Project Directory: /home/makedoc/server/ws/MAKEDOC_default_group_repository
     [java] 2024-07-16 13:24:13 INFO [main] MakeDoc Home: /home/makedoc/server/bin
     [java] 2024-07-16 13:24:13 INFO [main] Templates Directory: /home/makedoc/server/ws/MAKEDOC_default_group_repository/Templates
     [java] 2024-07-16 13:24:13 INFO [main] BW6 Profile Name: Enterprise
     [java] 2024-07-16 13:24:13 INFO [main] QA Profile Name: Profiles/Enterprise.qa
     [java] 2024-07-16 13:24:13 INFO [main] Replace GV: true
     [java] 2024-07-16 13:24:13 INFO [main] Replace GV In CrossReference: true
     [java] 2024-07-16 13:24:13 INFO [main] DTD Directory: /home/makedoc/server/cfg/dtd
     [java] 2024-07-16 13:24:13 INFO [main] DTD Validate: true
     [java] 2024-07-16 13:24:13 INFO [main] Storage Record Path: /home/makedoc/server/storage/default/1721136250430
     [java] 2024-07-16 13:24:13 INFO [main] Generate CrossReference: true
     [java] 2024-07-16 13:24:13 INFO [main] Licence File: /home/makedoc/makedoc.key
     [java] 2024-07-16 13:24:13 INFO [main] Filter: Filters/FullDetail.filter
     [java] 2024-07-16 13:24:13 INFO [main] Temporary Directory: /home/makedoc/server/storage/default/1721136250430/tmp
     [java] 2024-07-16 13:24:13 INFO [main] Logback configuration file: /home/makedoc/server/cfg/log/snapshot.xml
     [java] 2024-07-16 13:24:13 INFO [main] MakeDoc Configuration folder: /home/makedoc/server/cfg
     [java] 2024-07-16 13:24:13 INFO [main] Initializing config manager /home/makedoc/server/cfg/eagle/engine.properties
     [java] 2024-07-16 13:24:13 INFO [main] --------------------------- PREPROCESSING ---------------------------
     [java] 2024-07-16 13:24:13 INFO [main] --------------------------- PREPROCESSING FINISHED ---------------------------
     [java] 2024-07-16 13:24:13 INFO [main] --------------------------- PROCESSING ---------------------------
     [java] 2024-07-16 13:24:13 INFO [main] --------------------------- PROCESSING BW2DITA ---------------------------
     [java] 2024-07-16 13:24:13 INFO [main] Using temp dir /home/makedoc/server/storage/default/1721136250430/tmp
     [java] 2024-07-16 13:24:13 INFO [main] Reading project Projects/tibco.bwce.sample.binding.rest.BookStore.application.project
     [java] 2024-07-16 13:24:13 INFO [main] Project url: /home/makedoc/repository/tibco.bwce.sample.binding.rest.BookStore/tibco.bwce.sample.binding.rest.BookStore.application
     [java] 2024-07-16 13:24:13 INFO [main] Reading project Projects/tibco.bwce.sample.binding.rest.BookStore.project
     [java] 2024-07-16 13:24:13 INFO [main] Project url: /home/makedoc/repository/tibco.bwce.sample.binding.rest.BookStore/tibco.bwce.sample.binding.rest.BookStore
     [java] 2024-07-16 13:24:13 INFO [main] Adding property profile: local - key: tibco.bwce.sample.binding.rest.BookStore.application#/tibco.bwce.sample.binding.rest.BookStore/BW.HOST.NAME for application: tibco.bwce.sample.binding.rest.BookStore.application with value: localhost
     [java] 2024-07-16 13:24:13 INFO [main] Adding property profile: local - key: tibco.bwce.sample.binding.rest.BookStore.application#/tibco.bwce.sample.binding.rest.BookStore/dbDriver for application: tibco.bwce.sample.binding.rest.BookStore.application with value: org.postgresql.Driver
     [java] 2024-07-16 13:24:13 INFO [main] Adding property profile: local - key: tibco.bwce.sample.binding.rest.BookStore.application#/tibco.bwce.sample.binding.rest.BookStore/dbURL for application: tibco.bwce.sample.binding.rest.BookStore.application with value: jdbc:postgresql://10.97.106.28:5432/postgres
     [java] 2024-07-16 13:24:13 INFO [main] Adding property profile: local - key: tibco.bwce.sample.binding.rest.BookStore.application#/tibco.bwce.sample.binding.rest.BookStore/dbPassword for application: tibco.bwce.sample.binding.rest.BookStore.application with value: !GGJ+JL88lZfUCyq9BUmk92uzoH5HOM2XBF+Rv+JtedM=
     [java] 2024-07-16 13:24:13 INFO [main] Adding property profile: local - key: tibco.bwce.sample.binding.rest.BookStore.application#/tibco.bwce.sample.binding.rest.BookStore/dbUserName for application: tibco.bwce.sample.binding.rest.BookStore.application with value: postgres
     [java] 2024-07-16 13:24:13 INFO [main] Adding property profile: local - key: tibco.bwce.sample.binding.rest.BookStore.application#/tibco.bwce.sample.binding.rest.BookStore/BW.CLOUD.PORT for application: tibco.bwce.sample.binding.rest.BookStore.application with value: 8080
     [java] 2024-07-16 13:24:13 INFO [main] Scanning meta /home/makedoc/repository/tibco.bwce.sample.binding.rest.BookStore/tibco.bwce.sample.binding.rest.BookStore.application/META-INF/local.substvar
     [java] 2024-07-16 13:24:13 INFO [main] Adding property profile: docker - key: tibco.bwce.sample.binding.rest.BookStore.application#/tibco.bwce.sample.binding.rest.BookStore/BW.HOST.NAME for application: tibco.bwce.sample.binding.rest.BookStore.application with value: localhost
     [java] 2024-07-16 13:24:13 INFO [main] Adding property profile: docker - key: tibco.bwce.sample.binding.rest.BookStore.application#/tibco.bwce.sample.binding.rest.BookStore/dbDriver for application: tibco.bwce.sample.binding.rest.BookStore.application with value: dbDriver
     [java] 2024-07-16 13:24:13 INFO [main] Adding property profile: docker - key: tibco.bwce.sample.binding.rest.BookStore.application#/tibco.bwce.sample.binding.rest.BookStore/dbURL for application: tibco.bwce.sample.binding.rest.BookStore.application with value: dbURL
     [java] 2024-07-16 13:24:13 INFO [main] Adding property profile: docker - key: tibco.bwce.sample.binding.rest.BookStore.application#/tibco.bwce.sample.binding.rest.BookStore/dbPassword for application: tibco.bwce.sample.binding.rest.BookStore.application with value: dbPassword
     [java] 2024-07-16 13:24:13 INFO [main] Adding property profile: docker - key: tibco.bwce.sample.binding.rest.BookStore.application#/tibco.bwce.sample.binding.rest.BookStore/dbUserName for application: tibco.bwce.sample.binding.rest.BookStore.application with value: dbUserName
     [java] 2024-07-16 13:24:13 INFO [main] Adding property profile: docker - key: tibco.bwce.sample.binding.rest.BookStore.application#/tibco.bwce.sample.binding.rest.BookStore/BW.CLOUD.PORT for application: tibco.bwce.sample.binding.rest.BookStore.application with value: 8080
     [java] 2024-07-16 13:24:13 INFO [main] Scanning meta /home/makedoc/repository/tibco.bwce.sample.binding.rest.BookStore/tibco.bwce.sample.binding.rest.BookStore.application/META-INF/docker.substvar
     [java] 2024-07-16 13:24:13 INFO [main] Adding property profile: default - key: tibco.bwce.sample.binding.rest.BookStore.application#dbURL for application: tibco.bwce.sample.binding.rest.BookStore.application with value: jdbc:postgresql://10.97.106.28:5432/postgres
     [java] 2024-07-16 13:24:13 INFO [main] Adding property profile: default - key: tibco.bwce.sample.binding.rest.BookStore.application#/tibco.bwce.sample.binding.rest.BookStore/BW.HOST.NAME for application: tibco.bwce.sample.binding.rest.BookStore.application with value: localhost
     [java] 2024-07-16 13:24:13 INFO [main] Adding property profile: default - key: tibco.bwce.sample.binding.rest.BookStore.application#/tibco.bwce.sample.binding.rest.BookStore/dbDriver for application: tibco.bwce.sample.binding.rest.BookStore.application with value: org.postgresql.Driver
     [java] 2024-07-16 13:24:13 INFO [main] Adding property profile: default - key: tibco.bwce.sample.binding.rest.BookStore.application#/tibco.bwce.sample.binding.rest.BookStore/dbURL for application: tibco.bwce.sample.binding.rest.BookStore.application with value: jdbc:postgresql://3.6.236.114:5432/postgres
     [java] 2024-07-16 13:24:13 INFO [main] Adding property profile: default - key: tibco.bwce.sample.binding.rest.BookStore.application#/tibco.bwce.sample.binding.rest.BookStore/dbPassword for application: tibco.bwce.sample.binding.rest.BookStore.application with value: !QGg8qpD/DiuORP0rkq9eaEI+vZRPauvjmJFV2BmAPSU=
     [java] 2024-07-16 13:24:13 INFO [main] Adding property profile: default - key: tibco.bwce.sample.binding.rest.BookStore.application#/tibco.bwce.sample.binding.rest.BookStore/dbUserName for application: tibco.bwce.sample.binding.rest.BookStore.application with value: postgres
     [java] 2024-07-16 13:24:13 INFO [main] Adding property profile: default - key: tibco.bwce.sample.binding.rest.BookStore.application#/tibco.bwce.sample.binding.rest.BookStore/BW.CLOUD.PORT for application: tibco.bwce.sample.binding.rest.BookStore.application with value: 8080
     [java] 2024-07-16 13:24:13 INFO [main] Scanning meta /home/makedoc/repository/tibco.bwce.sample.binding.rest.BookStore/tibco.bwce.sample.binding.rest.BookStore.application/META-INF/default.substvar
     [java] 2024-07-16 13:24:13 INFO [main] Adding property profile: default - key: tibco.bwce.sample.binding.rest.BookStore#BW.HOST.NAME for application: tibco.bwce.sample.binding.rest.BookStore with value: localhost
     [java] 2024-07-16 13:24:13 INFO [main] Adding property profile: default - key: tibco.bwce.sample.binding.rest.BookStore#dbDriver for application: tibco.bwce.sample.binding.rest.BookStore with value: org.postgresql.Driver
     [java] 2024-07-16 13:24:13 INFO [main] Adding property profile: default - key: tibco.bwce.sample.binding.rest.BookStore#dbPassword for application: tibco.bwce.sample.binding.rest.BookStore with value: !QGg8qpD/DiuORP0rkq9eaEI+vZRPauvjmJFV2BmAPSU=
     [java] 2024-07-16 13:24:13 INFO [main] Adding property profile: default - key: tibco.bwce.sample.binding.rest.BookStore#dbURL for application: tibco.bwce.sample.binding.rest.BookStore with value: jdbc:postgresql://10.97.106.28:5432/postgres
     [java] 2024-07-16 13:24:13 INFO [main] Adding property profile: default - key: tibco.bwce.sample.binding.rest.BookStore#dbUserName for application: tibco.bwce.sample.binding.rest.BookStore with value: postgres
     [java] 2024-07-16 13:24:13 INFO [main] Adding property profile: default - key: tibco.bwce.sample.binding.rest.BookStore#BW.CLOUD.PORT for application: tibco.bwce.sample.binding.rest.BookStore with value: 8080
     [java] 2024-07-16 13:24:13 INFO [main] Scanning meta /home/makedoc/repository/tibco.bwce.sample.binding.rest.BookStore/tibco.bwce.sample.binding.rest.BookStore/META-INF/default.substvar
     [java] 2024-07-16 13:24:13 INFO [main] http://www.example.org/Events/REST/1412583816215::WSDL
     [java] 2024-07-16 13:24:13 INFO [main] Added reference http://www.example.org/Events::WSDL to http://www.example.org/Events/REST/1412583816215::WSDL
     [java] 2024-07-16 13:24:13 INFO [main] http://www.example.org/Events::WSDL is referenced from http://www.example.org/Events/REST/1412583816215::WSDL
     [java] 2024-07-16 13:24:13 INFO [main] Added reference http://tns.tibco.com/bw/REST::WSDL to http://www.example.org/Events/REST/1412583816215::WSDL
     [java] 2024-07-16 13:24:13 INFO [main] http://tns.tibco.com/bw/REST::WSDL is referenced from http://www.example.org/Events/REST/1412583816215::WSDL
     [java] 2024-07-16 13:24:13 INFO [main] Added reference http://www.example.org/Events/REST/1412583816215/ConceptSchema::WSDL to http://www.example.org/Events/REST/1412583816215::WSDL
     [java] 2024-07-16 13:24:13 INFO [main] http://www.example.org/Events/REST/1412583816215/ConceptSchema::WSDL is referenced from http://www.example.org/Events/REST/1412583816215::WSDL
     [java] 2024-07-16 13:24:13 INFO [main] Scanning meta /home/makedoc/repository/tibco.bwce.sample.binding.rest.BookStore/tibco.bwce.sample.binding.rest.BookStore/Service Descriptors/Events.wsdl
     [java] 2024-07-16 13:24:13 INFO [main] http://www.example.org/Books/REST/1411989492608::WSDL
     [java] 2024-07-16 13:24:13 INFO [main] Added reference http://www.example.org/Books::XSD to http://www.example.org/Books/REST/1411989492608::WSDL
     [java] 2024-07-16 13:24:13 INFO [main] http://www.example.org/Books::XSD is referenced from http://www.example.org/Books/REST/1411989492608::WSDL
     [java] 2024-07-16 13:24:13 INFO [main] Added reference http://tns.tibco.com/bw/REST::XSD to http://www.example.org/Books/REST/1411989492608::WSDL
     [java] 2024-07-16 13:24:13 INFO [main] http://tns.tibco.com/bw/REST::XSD is referenced from http://www.example.org/Books/REST/1411989492608::WSDL
     [java] 2024-07-16 13:24:13 INFO [main] Added reference http://www.example.org/Books/REST/1411989492608/ConceptSchema::WSDL to http://www.example.org/Books/REST/1411989492608::WSDL
     [java] 2024-07-16 13:24:13 INFO [main] http://www.example.org/Books/REST/1411989492608/ConceptSchema::WSDL is referenced from http://www.example.org/Books/REST/1411989492608::WSDL
     [java] 2024-07-16 13:24:13 INFO [main] Added reference http://www.example.org/Events::WSDL to http://www.example.org/Books/REST/1411989492608::WSDL
     [java] 2024-07-16 13:24:13 INFO [main] http://www.example.org/Events::WSDL is referenced from http://www.example.org/Books/REST/1411989492608::WSDL
     [java] 2024-07-16 13:24:13 INFO [main] Scanning meta /home/makedoc/repository/tibco.bwce.sample.binding.rest.BookStore/tibco.bwce.sample.binding.rest.BookStore/Service Descriptors/Books.wsdl
     [java] 2024-07-16 13:24:13 INFO [main] http://tibco.com/bw/bw6/system/ModuleActivator::WSDL
     [java] 2024-07-16 13:24:13 INFO [main] Scanning meta /home/makedoc/repository/tibco.bwce.sample.binding.rest.BookStore/tibco.bwce.sample.binding.rest.BookStore/Service Descriptors/ModuleActivator.wsdl
     [java] 2024-07-16 13:24:13 INFO [main] http://xmlns.example.com/20140929140236::WSDL
     [java] 2024-07-16 13:24:13 INFO [main] Added reference http://www.example.org/Books::XSD to http://xmlns.example.com/20140929140236::WSDL
     [java] 2024-07-16 13:24:13 INFO [main] http://www.example.org/Books::XSD is referenced from http://xmlns.example.com/20140929140236::WSDL
     [java] 2024-07-16 13:24:13 INFO [main] Added reference http://www.example.org/Books::WSDL to http://xmlns.example.com/20140929140236::WSDL
     [java] 2024-07-16 13:24:13 INFO [main] http://www.example.org/Books::WSDL is referenced from http://xmlns.example.com/20140929140236::WSDL
     [java] 2024-07-16 13:24:13 INFO [main] Scanning meta /home/makedoc/repository/tibco.bwce.sample.binding.rest.BookStore/tibco.bwce.sample.binding.rest.BookStore/Service Descriptors/BooksDBService.wsdl
     [java] 2024-07-16 13:24:13 INFO [main] http://xmlns.example.com/20141006121028::WSDL
     [java] 2024-07-16 13:24:13 INFO [main] Added reference http://www.example.org/Events::XSD to http://xmlns.example.com/20141006121028::WSDL
     [java] 2024-07-16 13:24:13 INFO [main] http://www.example.org/Events::XSD is referenced from http://xmlns.example.com/20141006121028::WSDL
     [java] 2024-07-16 13:24:13 INFO [main] Scanning meta /home/makedoc/repository/tibco.bwce.sample.binding.rest.BookStore/tibco.bwce.sample.binding.rest.BookStore/Service Descriptors/EventsDBService.wsdl
     [java] 2024-07-16 13:24:13 INFO [main] +++ XSD /home/makedoc/repository/tibco.bwce.sample.binding.rest.BookStore/tibco.bwce.sample.binding.rest.BookStore/Schemas/EventsSchema.xsd XSD
     [java] 2024-07-16 13:24:13 INFO [main] Scanning meta /home/makedoc/repository/tibco.bwce.sample.binding.rest.BookStore/tibco.bwce.sample.binding.rest.BookStore/Schemas/EventsSchema.xsd
     [java] 2024-07-16 13:24:13 INFO [main] +++ XSD /home/makedoc/repository/tibco.bwce.sample.binding.rest.BookStore/tibco.bwce.sample.binding.rest.BookStore/Schemas/RESTSchema.xsd XSD
     [java] 2024-07-16 13:24:13 INFO [main] Scanning meta /home/makedoc/repository/tibco.bwce.sample.binding.rest.BookStore/tibco.bwce.sample.binding.rest.BookStore/Schemas/RESTSchema.xsd
     [java] 2024-07-16 13:24:13 INFO [main] +++ XSD /home/makedoc/repository/tibco.bwce.sample.binding.rest.BookStore/tibco.bwce.sample.binding.rest.BookStore/Schemas/Events.xsd XSD
     [java] 2024-07-16 13:24:13 INFO [main] Scanning meta /home/makedoc/repository/tibco.bwce.sample.binding.rest.BookStore/tibco.bwce.sample.binding.rest.BookStore/Schemas/Events.xsd
     [java] 2024-07-16 13:24:13 INFO [main] +++ XSD /home/makedoc/repository/tibco.bwce.sample.binding.rest.BookStore/tibco.bwce.sample.binding.rest.BookStore/Schemas/BooksSchema.xsd XSD
     [java] 2024-07-16 13:24:13 INFO [main] Scanning meta /home/makedoc/repository/tibco.bwce.sample.binding.rest.BookStore/tibco.bwce.sample.binding.rest.BookStore/Schemas/BooksSchema.xsd
     [java] 2024-07-16 13:24:14 INFO [main] +++ XSD /home/makedoc/repository/tibco.bwce.sample.binding.rest.BookStore/tibco.bwce.sample.binding.rest.BookStore/Schemas/Books.xsd XSD
     [java] 2024-07-16 13:24:14 INFO [main] Scanning meta /home/makedoc/repository/tibco.bwce.sample.binding.rest.BookStore/tibco.bwce.sample.binding.rest.BookStore/Schemas/Books.xsd
     [java] 2024-07-16 13:24:14 INFO [main] httpconnector:HttpConnectorConfiguration - tibco.bwce.sample.binding.rest.BookStore.Books - localhost:8080
     [java] 2024-07-16 13:24:14 INFO [main] Scanning resources /home/makedoc/repository/tibco.bwce.sample.binding.rest.BookStore/tibco.bwce.sample.binding.rest.BookStore/Resources/tibco/bwce/sample/binding/rest/BookStore/Books.httpConnResource
     [java] 2024-07-16 13:24:14 INFO [main] Adding property profile: default - key: tibco.bwce.sample.binding.rest.BookStore#tibco.bwce.sample.binding.rest.BookStore.JDBCConnectionResource for application: tibco.bwce.sample.binding.rest.BookStore with value: dbURL
     [java] 2024-07-16 13:24:14 INFO [main] jdbc:JdbcDataSource - tibco.bwce.sample.binding.rest.BookStore.JDBCConnectionResource - dbURL
     [java] 2024-07-16 13:24:14 INFO [main] Scanning resources /home/makedoc/repository/tibco.bwce.sample.binding.rest.BookStore/tibco.bwce.sample.binding.rest.BookStore/Resources/tibco/bwce/sample/binding/rest/BookStore/JDBCConnectionResource.jdbcResource
     [java] 2024-07-16 13:24:14 INFO [main] Added reference http://tibco.com/bw/bw6/system/ModuleActivator::WSDL to tibco.bwce.sample.binding.rest.bookstore.Activator
     [java] 2024-07-16 13:24:14 INFO [main] http://tibco.com/bw/bw6/system/ModuleActivator::WSDL is referenced from tibco.bwce.sample.binding.rest.bookstore.Activator
     [java] 2024-07-16 13:24:14 INFO [main] Adding property profile: default - key: tibco.bwce.sample.binding.rest.BookStore#jdbcProperty for application: tibco.bwce.sample.binding.rest.BookStore with value: tibco.bwce.sample.binding.rest.BookStore.JDBCConnectionResource
     [java] 2024-07-16 13:24:14 INFO [main] Added reference tibco.bwce.sample.binding.rest.BookStore.JDBCConnectionResource to tibco.bwce.sample.binding.rest.bookstore.Activator
     [java] 2024-07-16 13:24:14 INFO [main] tibco.bwce.sample.binding.rest.BookStore.JDBCConnectionResource is referenced from tibco.bwce.sample.binding.rest.bookstore.Activator
     [java] 2024-07-16 13:24:14 INFO [main] Scanning project files /home/makedoc/repository/tibco.bwce.sample.binding.rest.BookStore/tibco.bwce.sample.binding.rest.BookStore/Processes/tibco/bwce/sample/binding/rest/bookstore/Activator.bwp
     [java] 2024-07-16 13:24:14 INFO [main] Scanning project files /home/makedoc/repository/tibco.bwce.sample.binding.rest.BookStore/tibco.bwce.sample.binding.rest.BookStore/Processes/tibco/bwce/sample/binding/rest/bookstore/LogProcess.bwp
     [java] 2024-07-16 13:24:14 INFO [main] Added reference http://xmlns.example.com/20141006121028::WSDL to tibco.bwce.sample.binding.rest.bookstore.db.EventsDB
     [java] 2024-07-16 13:24:14 INFO [main] http://xmlns.example.com/20141006121028::WSDL is referenced from tibco.bwce.sample.binding.rest.bookstore.db.EventsDB
     [java] 2024-07-16 13:24:14 INFO [main] Adding property profile: default - key: tibco.bwce.sample.binding.rest.BookStore#jdbcProperty for application: tibco.bwce.sample.binding.rest.BookStore with value: tibco.bwce.sample.binding.rest.BookStore.JDBCConnectionResource
     [java] 2024-07-16 13:24:14 INFO [main] Added reference tibco.bwce.sample.binding.rest.BookStore.JDBCConnectionResource to tibco.bwce.sample.binding.rest.bookstore.db.EventsDB
     [java] 2024-07-16 13:24:14 INFO [main] tibco.bwce.sample.binding.rest.BookStore.JDBCConnectionResource is referenced from tibco.bwce.sample.binding.rest.bookstore.db.EventsDB
     [java] 2024-07-16 13:24:14 INFO [main] Scanning project files /home/makedoc/repository/tibco.bwce.sample.binding.rest.BookStore/tibco.bwce.sample.binding.rest.BookStore/Processes/tibco/bwce/sample/binding/rest/bookstore/db/EventsDB.bwp
     [java] 2024-07-16 13:24:14 INFO [main] Added reference http://xmlns.example.com/20140929140236::WSDL to tibco.bwce.sample.binding.rest.bookstore.db.BooksDB
     [java] 2024-07-16 13:24:14 INFO [main] http://xmlns.example.com/20140929140236::WSDL is referenced from tibco.bwce.sample.binding.rest.bookstore.db.BooksDB
     [java] 2024-07-16 13:24:14 INFO [main] Adding property profile: default - key: tibco.bwce.sample.binding.rest.BookStore#jdbcProperty for application: tibco.bwce.sample.binding.rest.BookStore with value: tibco.bwce.sample.binding.rest.BookStore.JDBCConnectionResource
     [java] 2024-07-16 13:24:14 INFO [main] Added reference tibco.bwce.sample.binding.rest.BookStore.JDBCConnectionResource to tibco.bwce.sample.binding.rest.bookstore.db.BooksDB
     [java] 2024-07-16 13:24:14 INFO [main] tibco.bwce.sample.binding.rest.BookStore.JDBCConnectionResource is referenced from tibco.bwce.sample.binding.rest.bookstore.db.BooksDB
     [java] 2024-07-16 13:24:14 INFO [main] Scanning project files /home/makedoc/repository/tibco.bwce.sample.binding.rest.BookStore/tibco.bwce.sample.binding.rest.BookStore/Processes/tibco/bwce/sample/binding/rest/bookstore/db/BooksDB.bwp
     [java] 2024-07-16 13:24:14 INFO [main] Added reference http://www.example.org/Books/REST/1411989492608::WSDL to tibco.bwce.sample.binding.rest.bookstore.Books
     [java] 2024-07-16 13:24:14 INFO [main] http://www.example.org/Books/REST/1411989492608::WSDL is referenced from tibco.bwce.sample.binding.rest.bookstore.Books
     [java] 2024-07-16 13:24:14 INFO [main] Added reference http://xmlns.example.com/20140929140236::WSDL to tibco.bwce.sample.binding.rest.bookstore.Books
     [java] 2024-07-16 13:24:14 INFO [main] http://xmlns.example.com/20140929140236::WSDL is referenced from tibco.bwce.sample.binding.rest.bookstore.Books
     [java] 2024-07-16 13:24:14 INFO [main] Added reference http://xmlns.example.com/20141006121028::WSDL to tibco.bwce.sample.binding.rest.bookstore.Books
     [java] 2024-07-16 13:24:14 INFO [main] http://xmlns.example.com/20141006121028::WSDL is referenced from tibco.bwce.sample.binding.rest.bookstore.Books
     [java] 2024-07-16 13:24:14 INFO [main] ReferenceWire
     [java] 2024-07-16 13:24:14 INFO [main] ReferenceWire
     [java] 2024-07-16 13:24:14 INFO [main] Added reference tibco.bwce.sample.binding.rest.bookstore.db.BooksDB to tibco.bwce.sample.binding.rest.bookstore.Books
     [java] 2024-07-16 13:24:14 INFO [main] tibco.bwce.sample.binding.rest.bookstore.db.BooksDB is referenced from tibco.bwce.sample.binding.rest.bookstore.Books
     [java] 2024-07-16 13:24:14 INFO [main] Scanning project files /home/makedoc/repository/tibco.bwce.sample.binding.rest.BookStore/tibco.bwce.sample.binding.rest.BookStore/Processes/tibco/bwce/sample/binding/rest/bookstore/Books.bwp
     [java] 2024-07-16 13:24:14 INFO [main] Added reference http://www.example.org/Events/REST/1412583816215::WSDL to tibco.bwce.sample.binding.rest.bookstore.Events
     [java] 2024-07-16 13:24:14 INFO [main] http://www.example.org/Events/REST/1412583816215::WSDL is referenced from tibco.bwce.sample.binding.rest.bookstore.Events
     [java] 2024-07-16 13:24:14 INFO [main] Added reference http://xmlns.example.com/20141006121028::WSDL to tibco.bwce.sample.binding.rest.bookstore.Events
     [java] 2024-07-16 13:24:14 INFO [main] http://xmlns.example.com/20141006121028::WSDL is referenced from tibco.bwce.sample.binding.rest.bookstore.Events
     [java] 2024-07-16 13:24:14 INFO [main] ReferenceWire
     [java] 2024-07-16 13:24:14 INFO [main] Added reference tibco.bwce.sample.binding.rest.bookstore.db.EventsDB to tibco.bwce.sample.binding.rest.bookstore.Events
     [java] 2024-07-16 13:24:14 INFO [main] tibco.bwce.sample.binding.rest.bookstore.db.EventsDB is referenced from tibco.bwce.sample.binding.rest.bookstore.Events
     [java] 2024-07-16 13:24:14 INFO [main] Scanning project files /home/makedoc/repository/tibco.bwce.sample.binding.rest.BookStore/tibco.bwce.sample.binding.rest.BookStore/Processes/tibco/bwce/sample/binding/rest/bookstore/Events.bwp
     [java] 2024-07-16 13:24:14 INFO [main] httpconnector:HttpConnectorConfiguration - tibco.bwce.sample.binding.rest.BookStore.Books - localhost:8080
     [java] 2024-07-16 13:24:14 INFO [main] Scanning project files /home/makedoc/repository/tibco.bwce.sample.binding.rest.BookStore/tibco.bwce.sample.binding.rest.BookStore/Resources/tibco/bwce/sample/binding/rest/BookStore/Books.httpConnResource
     [java] 2024-07-16 13:24:14 INFO [main] Adding property profile: default - key: tibco.bwce.sample.binding.rest.BookStore#tibco.bwce.sample.binding.rest.BookStore.JDBCConnectionResource for application: tibco.bwce.sample.binding.rest.BookStore with value: dbURL
     [java] 2024-07-16 13:24:14 INFO [main] jdbc:JdbcDataSource - tibco.bwce.sample.binding.rest.BookStore.JDBCConnectionResource - dbURL
     [java] 2024-07-16 13:24:14 INFO [main] Scanning project files /home/makedoc/repository/tibco.bwce.sample.binding.rest.BookStore/tibco.bwce.sample.binding.rest.BookStore/Resources/tibco/bwce/sample/binding/rest/BookStore/JDBCConnectionResource.jdbcResource
     [java] 2024-07-16 13:24:14 INFO [main] Register Process reference tibco.bwce.sample.binding.rest.bookstore.Books
     [java] 2024-07-16 13:24:14 INFO [main] ComponentBooks/Books is referenced from tibco.bwce.sample.binding.rest.bookstore.Books
     [java] 2024-07-16 13:24:14 INFO [main] Register Process reference tibco.bwce.sample.binding.rest.bookstore.Books
     [java] 2024-07-16 13:24:14 INFO [main] ComponentBooks/Book is referenced from tibco.bwce.sample.binding.rest.bookstore.Books
     [java] 2024-07-16 13:24:14 INFO [main] Register Process reference tibco.bwce.sample.binding.rest.bookstore.Books
     [java] 2024-07-16 13:24:14 INFO [main] ComponentBooks/Book1 is referenced from tibco.bwce.sample.binding.rest.bookstore.Books
     [java] 2024-07-16 13:24:14 INFO [main] Register Process reference tibco.bwce.sample.binding.rest.bookstore.Events
     [java] 2024-07-16 13:24:14 INFO [main] ComponentEvents/Events is referenced from tibco.bwce.sample.binding.rest.bookstore.Events
     [java] 2024-07-16 13:24:14 INFO [main] Register Process reference tibco.bwce.sample.binding.rest.bookstore.Events
     [java] 2024-07-16 13:24:14 INFO [main] ComponentEvents/Event is referenced from tibco.bwce.sample.binding.rest.bookstore.Events
     [java] 2024-07-16 13:24:14 INFO [main] Scanning module configuration file /home/makedoc/repository/tibco.bwce.sample.binding.rest.BookStore/tibco.bwce.sample.binding.rest.BookStore/META-INF/module.bwm
     [java] 2024-07-16 13:24:14 INFO [main] Processing application: tibco.bwce.sample.binding.rest.BookStore.application
     [java] 2024-07-16 13:24:14 INFO [main] wsdlFolder:wsdl/
     [java] 2024-07-16 13:24:14 INFO [main] processesFolder:Processes/
     [java] 2024-07-16 13:24:14 INFO [main] schemasFolder:Schemas/
     [java] 2024-07-16 13:24:14 INFO [main] policiesFolder:Policies/
     [java] 2024-07-16 13:24:14 INFO [main] resourcesFolder:Resources/
     [java] 2024-07-16 13:24:14 INFO [3] Handling file: default.substvar
     [java] 2024-07-16 13:24:14 INFO [2] Handling file: docker.substvar
     [java] 2024-07-16 13:24:14 INFO [1] Handling file: local.substvar
     [java] 2024-07-16 13:24:14 INFO [2] Handling file: TIBCO.xml
     [java] 2024-07-16 13:24:15 INFO [main] Processing global variables.
     [java] 2024-07-16 13:24:16 INFO [main] Copying dependency files...
     [java] 2024-07-16 13:24:16 INFO [main] Processing application: tibco.bwce.sample.binding.rest.BookStore
     [java] 2024-07-16 13:24:16 INFO [main] wsdlFolder:wsdl/
     [java] 2024-07-16 13:24:16 INFO [main] processesFolder:Processes/
     [java] 2024-07-16 13:24:16 INFO [main] schemasFolder:Schemas/
     [java] 2024-07-16 13:24:16 INFO [main] policiesFolder:Policies/
     [java] 2024-07-16 13:24:16 INFO [main] resourcesFolder:Resources/
     [java] 2024-07-16 13:24:16 INFO [1] Handling file: module.msv
     [java] 2024-07-16 13:24:16 INFO [2] Handling file: module.bwm
     [java] 2024-07-16 13:24:16 INFO [3] Handling file: module.jsv
     [java] 2024-07-16 13:24:16 INFO [3] Handling file: default.substvar
     [java] 2024-07-16 13:24:16 INFO [1] Handling file: Activator.bwp
     [java] 2024-07-16 13:24:16 INFO [2] Handling file: LogProcess.bwp
     [java] 2024-07-16 13:24:16 INFO [2] Generating diagram from: /home/makedoc/repository/tibco.bwce.sample.binding.rest.BookStore/tibco.bwce.sample.binding.rest.BookStore/Processes/tibco/bwce/sample/binding/rest/bookstore/LogProcess.bwp to: /home/makedoc/server/storage/default/1721136250430/dita/projects/tibco.bwce.sample.binding.rest.BookStore/Processes/tibco/bwce/sample/binding/rest/bookstore/LogProcess.bwp.png - record: /home/makedoc/server/storage/default/1721136250430
     [java] 2024-07-16 13:24:16 INFO [1] Generating diagram from: /home/makedoc/repository/tibco.bwce.sample.binding.rest.BookStore/tibco.bwce.sample.binding.rest.BookStore/Processes/tibco/bwce/sample/binding/rest/bookstore/Activator.bwp to: /home/makedoc/server/storage/default/1721136250430/dita/projects/tibco.bwce.sample.binding.rest.BookStore/Processes/tibco/bwce/sample/binding/rest/bookstore/Activator.bwp.png - record: /home/makedoc/server/storage/default/1721136250430
     [java] 2024-07-16 13:24:16 INFO [3] Handling file: EventsDB.bwp
     [java] 2024-07-16 13:24:16 INFO [3] Generating diagram from: /home/makedoc/repository/tibco.bwce.sample.binding.rest.BookStore/tibco.bwce.sample.binding.rest.BookStore/Processes/tibco/bwce/sample/binding/rest/bookstore/db/EventsDB.bwp to: /home/makedoc/server/storage/default/1721136250430/dita/projects/tibco.bwce.sample.binding.rest.BookStore/Processes/tibco/bwce/sample/binding/rest/bookstore/db/EventsDB.bwp.png - record: /home/makedoc/server/storage/default/1721136250430
     [java] 2024-07-16 13:24:16 WARN [2] Unsupported TIBCO BusinessWorks product version 2.9.1 V52 2024-02-14 for process: /home/makedoc/repository/tibco.bwce.sample.binding.rest.BookStore/tibco.bwce.sample.binding.rest.BookStore/Processes/tibco/bwce/sample/binding/rest/bookstore/LogProcess.bwp
     [java] 2024-07-16 13:24:18 INFO [2] Handling file: BooksDB.bwp
     [java] 2024-07-16 13:24:18 INFO [2] Generating diagram from: /home/makedoc/repository/tibco.bwce.sample.binding.rest.BookStore/tibco.bwce.sample.binding.rest.BookStore/Processes/tibco/bwce/sample/binding/rest/bookstore/db/BooksDB.bwp to: /home/makedoc/server/storage/default/1721136250430/dita/projects/tibco.bwce.sample.binding.rest.BookStore/Processes/tibco/bwce/sample/binding/rest/bookstore/db/BooksDB.bwp.png - record: /home/makedoc/server/storage/default/1721136250430
     [java] 2024-07-16 13:24:18 INFO [1] Handling file: Books.bwp
     [java] 2024-07-16 13:24:18 INFO [1] Generating diagram from: /home/makedoc/repository/tibco.bwce.sample.binding.rest.BookStore/tibco.bwce.sample.binding.rest.BookStore/Processes/tibco/bwce/sample/binding/rest/bookstore/Books.bwp to: /home/makedoc/server/storage/default/1721136250430/dita/projects/tibco.bwce.sample.binding.rest.BookStore/Processes/tibco/bwce/sample/binding/rest/bookstore/Books.bwp.png - record: /home/makedoc/server/storage/default/1721136250430
     [java] 2024-07-16 13:24:18 INFO [3] Handling file: Events.bwp
     [java] 2024-07-16 13:24:18 INFO [3] Generating diagram from: /home/makedoc/repository/tibco.bwce.sample.binding.rest.BookStore/tibco.bwce.sample.binding.rest.BookStore/Processes/tibco/bwce/sample/binding/rest/bookstore/Events.bwp to: /home/makedoc/server/storage/default/1721136250430/dita/projects/tibco.bwce.sample.binding.rest.BookStore/Processes/tibco/bwce/sample/binding/rest/bookstore/Events.bwp.png - record: /home/makedoc/server/storage/default/1721136250430
     [java] 2024-07-16 13:24:19 INFO [2] Handling file: Books.httpConnResource
     [java] 2024-07-16 13:24:19 INFO [2] Handling file: JDBCConnectionResource.jdbcResource
     [java] 2024-07-16 13:24:19 INFO [2] Handling file: Events.wsdl
     [java] 2024-07-16 13:24:19 INFO [1] Handling file: Books.wsdl
     [java] 2024-07-16 13:24:19 INFO [3] Handling file: ModuleActivator.wsdl
     [java] 2024-07-16 13:24:20 INFO [3] Handling file: BooksDBService.wsdl
     [java] 2024-07-16 13:24:20 INFO [2] Handling file: EventsDBService.wsdl
     [java] 2024-07-16 13:24:20 INFO [1] Handling file: EventsSchema.xsd
     [java] 2024-07-16 13:24:20 INFO [3] Handling file: RESTSchema.xsd
     [java] 2024-07-16 13:24:20 INFO [2] Handling file: Events.xsd
     [java] 2024-07-16 13:24:20 INFO [1] Handling file: BooksSchema.xsd
     [java] 2024-07-16 13:24:21 INFO [1] Handling file: Books.xsd
     [java] 2024-07-16 13:24:21 INFO [main] Processing global variables.
     [java] 2024-07-16 13:24:21 INFO [main] Copying dependency files...
     [java] 2024-07-16 13:24:21 INFO [main] Creating report file '/home/makedoc/server/storage/default/1721136250430/dita/projects/projects_DITA.ditamap'.
     [java] 2024-07-16 13:24:21 INFO [main] Starting generating projects ditamap file: /home/makedoc/server/storage/default/1721136250430/dita/projects/projects_DITA.ditamap
     [java] 2024-07-16 13:24:21 INFO [main] --------------------------- PROCESSING BW2DITA FINISHED ---------------------------
     [java] 2024-07-16 13:24:21 INFO [main] ------------------------------- CROSSREFERENCE --------------------------------
     [java] 2024-07-16 13:24:21 INFO [main] Analyzing projects...
     [java] 2024-07-16 13:24:21 INFO [main] Creating cross-reference graph model.
     [java] 2024-07-16 13:24:21 INFO [main] Creating dependencies and dataflow subgraphs.
     [java] 2024-07-16 13:24:21 INFO [main] Generating cross-reference reports...
     [java] 2024-07-16 13:24:21 INFO [main] Generating main ditamaps.
     [java] 2024-07-16 13:24:22 INFO [main] Generating dependencies...
     [java] 2024-07-16 13:24:22 INFO [1] Writing file /home/makedoc/server/storage/default/1721136250430/dita/cross/cross_DITA.ditamap
     [java] 2024-07-16 13:24:22 INFO [1] Writing file /home/makedoc/server/storage/default/1721136250430/dita/cross/dependencies/resources/content_DITA.ditamap
     [java] 2024-07-16 13:24:22 INFO [1] Writing file /home/makedoc/server/storage/default/1721136250430/dita/cross/dependencies/resources/resources.dita
     [java] 2024-07-16 13:24:22 INFO [main] Wrote cross-reference graph image /home/makedoc/server/storage/default/1721136250430/dita/cross/dependencies/resources/cross_tibco.bwce.sample.binding.rest.BookStore.JDBCConnectionResource.png
     [java] 2024-07-16 13:24:22 INFO [1] Writing file /home/makedoc/server/storage/default/1721136250430/dita/cross/dependencies/resources/cross_tibco.bwce.sample.binding.rest.BookStore.JDBCConnectionResource.dita
     [java] 2024-07-16 13:24:22 INFO [1] Writing file /home/makedoc/server/storage/default/1721136250430/dita/cross/dependencies/wsdls/content_DITA.ditamap
     [java] 2024-07-16 13:24:22 INFO [1] Writing file /home/makedoc/server/storage/default/1721136250430/dita/cross/dependencies/wsdls/wsdls.dita
     [java] 2024-07-16 13:24:22 INFO [main] Wrote cross-reference graph image /home/makedoc/server/storage/default/1721136250430/dita/cross/dependencies/wsdls/cross_http___www.example.org_Books_REST_1411989492608__WSDL.png
     [java] 2024-07-16 13:24:22 INFO [1] Writing file /home/makedoc/server/storage/default/1721136250430/dita/cross/dependencies/wsdls/cross_http___www.example.org_Books_REST_1411989492608__WSDL.dita
     [java] 2024-07-16 13:24:22 INFO [main] Wrote cross-reference graph image /home/makedoc/server/storage/default/1721136250430/dita/cross/dependencies/wsdls/cross_http___www.example.org_Books_REST_1411989492608_ConceptSchema__WSDL.png
     [java] 2024-07-16 13:24:22 INFO [1] Writing file /home/makedoc/server/storage/default/1721136250430/dita/cross/dependencies/wsdls/cross_http___www.example.org_Books_REST_1411989492608_ConceptSchema__WSDL.dita
     [java] 2024-07-16 13:24:23 INFO [main] Wrote cross-reference graph image /home/makedoc/server/storage/default/1721136250430/dita/cross/dependencies/wsdls/cross_http___xmlns.example.com_20141006121028__WSDL.png
     [java] 2024-07-16 13:24:23 INFO [1] Writing file /home/makedoc/server/storage/default/1721136250430/dita/cross/dependencies/wsdls/cross_http___xmlns.example.com_20141006121028__WSDL.dita
     [java] 2024-07-16 13:24:23 INFO [main] Wrote cross-reference graph image /home/makedoc/server/storage/default/1721136250430/dita/cross/dependencies/wsdls/cross_http___www.example.org_Events_REST_1412583816215_ConceptSchema__WSDL.png
     [java] 2024-07-16 13:24:23 INFO [1] Writing file /home/makedoc/server/storage/default/1721136250430/dita/cross/dependencies/wsdls/cross_http___www.example.org_Events_REST_1412583816215_ConceptSchema__WSDL.dita
     [java] 2024-07-16 13:24:23 INFO [main] Wrote cross-reference graph image /home/makedoc/server/storage/default/1721136250430/dita/cross/dependencies/wsdls/cross_http___www.example.org_Events_REST_1412583816215__WSDL.png
     [java] 2024-07-16 13:24:23 INFO [1] Writing file /home/makedoc/server/storage/default/1721136250430/dita/cross/dependencies/wsdls/cross_http___www.example.org_Events_REST_1412583816215__WSDL.dita
     [java] 2024-07-16 13:24:23 INFO [main] Wrote cross-reference graph image /home/makedoc/server/storage/default/1721136250430/dita/cross/dependencies/wsdls/cross_http___tns.tibco.com_bw_REST__WSDL.png
     [java] 2024-07-16 13:24:23 INFO [1] Writing file /home/makedoc/server/storage/default/1721136250430/dita/cross/dependencies/wsdls/cross_http___tns.tibco.com_bw_REST__WSDL.dita
     [java] 2024-07-16 13:24:23 INFO [main] Wrote cross-reference graph image /home/makedoc/server/storage/default/1721136250430/dita/cross/dependencies/wsdls/cross_http___tibco.com_bw_bw6_system_ModuleActivator__WSDL.png
     [java] 2024-07-16 13:24:23 INFO [1] Writing file /home/makedoc/server/storage/default/1721136250430/dita/cross/dependencies/wsdls/cross_http___tibco.com_bw_bw6_system_ModuleActivator__WSDL.dita
     [java] 2024-07-16 13:24:23 INFO [main] Wrote cross-reference graph image /home/makedoc/server/storage/default/1721136250430/dita/cross/dependencies/wsdls/cross_http___xmlns.example.com_20140929140236__WSDL.png
     [java] 2024-07-16 13:24:23 INFO [1] Writing file /home/makedoc/server/storage/default/1721136250430/dita/cross/dependencies/wsdls/cross_http___xmlns.example.com_20140929140236__WSDL.dita
     [java] 2024-07-16 13:24:23 INFO [main] Wrote cross-reference graph image /home/makedoc/server/storage/default/1721136250430/dita/cross/dependencies/wsdls/cross_http___www.example.org_Events__WSDL.png
     [java] 2024-07-16 13:24:23 INFO [1] Writing file /home/makedoc/server/storage/default/1721136250430/dita/cross/dependencies/wsdls/cross_http___www.example.org_Events__WSDL.dita
     [java] 2024-07-16 13:24:23 INFO [main] Wrote cross-reference graph image /home/makedoc/server/storage/default/1721136250430/dita/cross/dependencies/wsdls/cross_http___www.example.org_Books__WSDL.png
     [java] 2024-07-16 13:24:23 INFO [1] Writing file /home/makedoc/server/storage/default/1721136250430/dita/cross/dependencies/wsdls/cross_http___www.example.org_Books__WSDL.dita
     [java] 2024-07-16 13:24:23 INFO [1] Writing file /home/makedoc/server/storage/default/1721136250430/dita/cross/dependencies/xsds/content_DITA.ditamap
     [java] 2024-07-16 13:24:23 INFO [1] Writing file /home/makedoc/server/storage/default/1721136250430/dita/cross/dependencies/xsds/xsds.dita
     [java] 2024-07-16 13:24:23 INFO [main] Wrote cross-reference graph image /home/makedoc/server/storage/default/1721136250430/dita/cross/dependencies/xsds/cross_http___www.example.org_Books__XSD.png
     [java] 2024-07-16 13:24:23 INFO [1] Writing file /home/makedoc/server/storage/default/1721136250430/dita/cross/dependencies/xsds/cross_http___www.example.org_Books__XSD.dita
     [java] 2024-07-16 13:24:24 INFO [main] Wrote cross-reference graph image /home/makedoc/server/storage/default/1721136250430/dita/cross/dependencies/xsds/cross_http___www.example.org_Events__XSD.png
     [java] 2024-07-16 13:24:24 INFO [1] Writing file /home/makedoc/server/storage/default/1721136250430/dita/cross/dependencies/xsds/cross_http___www.example.org_Events__XSD.dita
     [java] 2024-07-16 13:24:24 INFO [main] Wrote cross-reference graph image /home/makedoc/server/storage/default/1721136250430/dita/cross/dependencies/xsds/cross_http___tns.tibco.com_bw_REST__XSD.png
     [java] 2024-07-16 13:24:24 INFO [1] Writing file /home/makedoc/server/storage/default/1721136250430/dita/cross/dependencies/xsds/cross_http___tns.tibco.com_bw_REST__XSD.dita
     [java] 2024-07-16 13:24:24 INFO [1] Writing file /home/makedoc/server/storage/default/1721136250430/dita/cross/dependencies/processes/content_DITA.ditamap
     [java] 2024-07-16 13:24:24 INFO [1] Writing file /home/makedoc/server/storage/default/1721136250430/dita/cross/dependencies/processes/processes.dita
     [java] 2024-07-16 13:24:24 INFO [main] Wrote cross-reference graph image /home/makedoc/server/storage/default/1721136250430/dita/cross/dependencies/processes/cross_tibco.bwce.sample.binding.rest.bookstore.Activator.png
     [java] 2024-07-16 13:24:24 INFO [1] Writing file /home/makedoc/server/storage/default/1721136250430/dita/cross/dependencies/processes/cross_tibco.bwce.sample.binding.rest.bookstore.Activator.dita
     [java] 2024-07-16 13:24:24 INFO [main] Wrote cross-reference graph image /home/makedoc/server/storage/default/1721136250430/dita/cross/dependencies/processes/cross_tibco.bwce.sample.binding.rest.bookstore.db.BooksDB.png
     [java] 2024-07-16 13:24:24 INFO [1] Writing file /home/makedoc/server/storage/default/1721136250430/dita/cross/dependencies/processes/cross_tibco.bwce.sample.binding.rest.bookstore.db.BooksDB.dita
     [java] 2024-07-16 13:24:24 INFO [main] Wrote cross-reference graph image /home/makedoc/server/storage/default/1721136250430/dita/cross/dependencies/processes/cross_tibco.bwce.sample.binding.rest.bookstore.Events.png
     [java] 2024-07-16 13:24:24 INFO [1] Writing file /home/makedoc/server/storage/default/1721136250430/dita/cross/dependencies/processes/cross_tibco.bwce.sample.binding.rest.bookstore.Events.dita
     [java] 2024-07-16 13:24:24 INFO [main] Wrote cross-reference graph image /home/makedoc/server/storage/default/1721136250430/dita/cross/dependencies/processes/cross_tibco.bwce.sample.binding.rest.bookstore.Books.png
     [java] 2024-07-16 13:24:24 INFO [1] Writing file /home/makedoc/server/storage/default/1721136250430/dita/cross/dependencies/processes/cross_tibco.bwce.sample.binding.rest.bookstore.Books.dita
     [java] 2024-07-16 13:24:24 INFO [main] Wrote cross-reference graph image /home/makedoc/server/storage/default/1721136250430/dita/cross/dependencies/processes/cross_tibco.bwce.sample.binding.rest.bookstore.db.EventsDB.png
     [java] 2024-07-16 13:24:24 INFO [1] Writing file /home/makedoc/server/storage/default/1721136250430/dita/cross/dependencies/processes/cross_tibco.bwce.sample.binding.rest.bookstore.db.EventsDB.dita
     [java] 2024-07-16 13:24:24 INFO [main] Generating dataflow report...
     [java] 2024-07-16 13:24:24 INFO [1] Writing file /home/makedoc/server/storage/default/1721136250430/dita/cross/dataflow/databaseobjects/content_DITA.ditamap
     [java] 2024-07-16 13:24:24 INFO [1] Writing file /home/makedoc/server/storage/default/1721136250430/dita/cross/dataflow/databaseobjects/databaseobjects.dita
     [java] 2024-07-16 13:24:24 INFO [main] Wrote cross-reference graph image /home/makedoc/server/storage/default/1721136250430/dita/cross/dataflow/databaseobjects/cross_jdbc_postgresql___10.97.106.28_5432_postgres.png
     [java] 2024-07-16 13:24:24 INFO [1] Writing file /home/makedoc/server/storage/default/1721136250430/dita/cross/dataflow/databaseobjects/cross_jdbc_postgresql___10.97.106.28_5432_postgres.dita
     [java] 2024-07-16 13:24:24 INFO [main] Generating processes.
     [java] 2024-07-16 13:24:24 INFO [1] Writing file /home/makedoc/server/storage/default/1721136250430/dita/cross/dataflow/processes/content_DITA.ditamap
     [java] 2024-07-16 13:24:24 INFO [1] Writing file /home/makedoc/server/storage/default/1721136250430/dita/cross/dataflow/processes/processes.dita
     [java] 2024-07-16 13:24:24 INFO [main] Wrote cross-reference graph image /home/makedoc/server/storage/default/1721136250430/dita/cross/dataflow/processes/cross_tibco.bwce.sample.binding.rest.bookstore.Activator.png
     [java] 2024-07-16 13:24:24 INFO [1] Writing file /home/makedoc/server/storage/default/1721136250430/dita/cross/dataflow/processes/cross_tibco.bwce.sample.binding.rest.bookstore.Activator.dita
     [java] 2024-07-16 13:24:24 INFO [main] Wrote cross-reference graph image /home/makedoc/server/storage/default/1721136250430/dita/cross/dataflow/processes/cross_tibco.bwce.sample.binding.rest.bookstore.db.BooksDB.png
     [java] 2024-07-16 13:24:25 INFO [1] Writing file /home/makedoc/server/storage/default/1721136250430/dita/cross/dataflow/processes/cross_tibco.bwce.sample.binding.rest.bookstore.db.BooksDB.dita
     [java] 2024-07-16 13:24:25 INFO [main] Wrote cross-reference graph image /home/makedoc/server/storage/default/1721136250430/dita/cross/dataflow/processes/cross_tibco.bwce.sample.binding.rest.bookstore.db.EventsDB.png
     [java] 2024-07-16 13:24:25 INFO [1] Writing file /home/makedoc/server/storage/default/1721136250430/dita/cross/dataflow/processes/cross_tibco.bwce.sample.binding.rest.bookstore.db.EventsDB.dita
     [java] 2024-07-16 13:24:25 INFO [main] Generating dependencies and dataflow ditamps...
     [java] 2024-07-16 13:24:25 INFO [main] Saving cross-reference graph
     [java] 2024-07-16 13:24:25 INFO [main] -------------------------- PROCESSING CROSSREFERENCE FINISHED -----------------------------------
     [java] 2024-07-16 13:24:25 INFO [main] --------------------------- PROCESSING QA  ---------------------------
     [java] 2024-07-16 13:24:25 INFO [1] Writing file /home/makedoc/server/storage/default/1721136250430/dita/cross/dependencies/dependencies.dita
     [java] 2024-07-16 13:24:25 INFO [1] Writing file /home/makedoc/server/storage/default/1721136250430/dita/cross/dataflow/dataflow.dita
     [java] 2024-07-16 13:24:25 INFO [1] Writing file /home/makedoc/server/storage/default/1721136250430/dita/cross/dependencies/dependencies.ditamap
     [java] 2024-07-16 13:24:25 INFO [1] Writing file /home/makedoc/server/storage/default/1721136250430/dita/cross/dataflow/dataflow.ditamap
     [java] 2024-07-16 13:24:25 INFO [1] Writing file /home/makedoc/server/storage/default/1721136250430/dita/cross/cross.dita
     [java] 2024-07-16 13:24:26 INFO [main] Starting Quality Assurance check
     [java] 2024-07-16 13:24:26 ERROR [main] Skipping ruleCheckerInstance[25] of unknown type: XpathRuleCheckerComplex. All rulechecker types must be registered in the config file.
     [java] 2024-07-16 13:24:27 INFO [main] Preprocessing source /home/makedoc/repository/tibco.bwce.sample.binding.rest.BookStore/tibco.bwce.sample.binding.rest.BookStore.application
     [java] 2024-07-16 13:24:27 INFO [main] Preprocessing source /home/makedoc/repository/tibco.bwce.sample.binding.rest.BookStore/tibco.bwce.sample.binding.rest.BookStore
     [java] 2024-07-16 13:24:27 INFO [main] Performing checks on source /home/makedoc/repository/tibco.bwce.sample.binding.rest.BookStore/tibco.bwce.sample.binding.rest.BookStore.application
     [java] 2024-07-16 13:24:27 INFO [main] Performing checks on source /home/makedoc/repository/tibco.bwce.sample.binding.rest.BookStore/tibco.bwce.sample.binding.rest.BookStore
     [java] 2024-07-16 13:24:27 INFO [main] Finished all checks
     [java] 2024-07-16 13:24:27 INFO [main] Building report
     [java] 2024-07-16 13:24:27 INFO [main] Initializing config manager /home/makedoc/server/cfg/general.properties
     [java] 2024-07-16 13:24:27 INFO [main] Generating violation dita topic file: '/home/makedoc/server/storage/default/1721136250430/dita/qa/rules/Hardcoded_connection_parameters/violation1.dita'
     [java] 2024-07-16 13:24:27 INFO [main] Generating dita map file: '/home/makedoc/server/storage/default/1721136250430/dita/qa/rules/Hardcoded_connection_parameters.ditamap'
     [java] 2024-07-16 13:24:27 INFO [main] Generating violation dita topic file: '/home/makedoc/server/storage/default/1721136250430/dita/qa/rules/Hardcoded_destination_parameter/violation1.dita'
     [java] 2024-07-16 13:24:27 INFO [main] Generating dita map file: '/home/makedoc/server/storage/default/1721136250430/dita/qa/rules/Hardcoded_destination_parameter.ditamap'
     [java] 2024-07-16 13:24:27 INFO [main] Generating violation dita topic file: '/home/makedoc/server/storage/default/1721136250430/dita/qa/rules/Counter_Objects/violation1.dita'
     [java] 2024-07-16 13:24:27 INFO [main] Generating dita map file: '/home/makedoc/server/storage/default/1721136250430/dita/qa/rules/Counter_Objects.ditamap'
     [java] 2024-07-16 13:24:27 INFO [main] Generating violation dita topic file: '/home/makedoc/server/storage/default/1721136250430/dita/qa/rules/Value_Contains/violation2.dita'
     [java] 2024-07-16 13:24:27 INFO [main] Generating violation dita topic file: '/home/makedoc/server/storage/default/1721136250430/dita/qa/rules/Value_Contains/violation1.dita'
     [java] 2024-07-16 13:24:27 INFO [main] Generating dita map file: '/home/makedoc/server/storage/default/1721136250430/dita/qa/rules/Value_Contains.ditamap'
     [java] 2024-07-16 13:24:27 INFO [main] Generating violation dita topic file: '/home/makedoc/server/storage/default/1721136250430/dita/qa/rules/Value_Ends_With/violation2.dita'
     [java] 2024-07-16 13:24:27 INFO [main] Generating violation dita topic file: '/home/makedoc/server/storage/default/1721136250430/dita/qa/rules/Value_Ends_With/violation1.dita'
     [java] 2024-07-16 13:24:27 INFO [main] Generating dita map file: '/home/makedoc/server/storage/default/1721136250430/dita/qa/rules/Value_Ends_With.ditamap'
     [java] 2024-07-16 13:24:27 INFO [main] Generating violation dita topic file: '/home/makedoc/server/storage/default/1721136250430/dita/qa/rules/Incorrect_description/violation1.dita'
     [java] 2024-07-16 13:24:27 INFO [main] Generating dita map file: '/home/makedoc/server/storage/default/1721136250430/dita/qa/rules/Incorrect_description.ditamap'
     [java] 2024-07-16 13:24:27 INFO [main] Generating violation dita topic file: '/home/makedoc/server/storage/default/1721136250430/dita/qa/rules/Incorrect_directory_structure/violation2.dita'
     [java] 2024-07-16 13:24:27 INFO [main] Generating violation dita topic file: '/home/makedoc/server/storage/default/1721136250430/dita/qa/rules/Incorrect_directory_structure/violation1.dita'
     [java] 2024-07-16 13:24:27 INFO [main] Generating dita map file: '/home/makedoc/server/storage/default/1721136250430/dita/qa/rules/Incorrect_directory_structure.ditamap'
     [java] 2024-07-16 13:24:27 INFO [main] Generating violation dita topic file: '/home/makedoc/server/storage/default/1721136250430/dita/qa/rules/Incorrect_Schema_-_missing_header/violation1.dita'
     [java] 2024-07-16 13:24:27 INFO [main] Generating dita map file: '/home/makedoc/server/storage/default/1721136250430/dita/qa/rules/Incorrect_Schema_-_missing_header.ditamap'
     [java] 2024-07-16 13:24:27 INFO [main] Generating violation dita topic file: '/home/makedoc/server/storage/default/1721136250430/dita/qa/rules/Incorrect_schema_-_missing_type_suffix/violation1.dita'
     [java] 2024-07-16 13:24:27 INFO [main] Generating dita map file: '/home/makedoc/server/storage/default/1721136250430/dita/qa/rules/Incorrect_schema_-_missing_type_suffix.ditamap'
     [java] 2024-07-16 13:24:27 INFO [main] Generating violation dita topic file: '/home/makedoc/server/storage/default/1721136250430/dita/qa/rules/Incorrect_Schema_-_missing_version/violation1.dita'
     [java] 2024-07-16 13:24:27 INFO [main] Generating dita map file: '/home/makedoc/server/storage/default/1721136250430/dita/qa/rules/Incorrect_Schema_-_missing_version.ditamap'
     [java] 2024-07-16 13:24:27 INFO [main] Generating violation dita topic file: '/home/makedoc/server/storage/default/1721136250430/dita/qa/rules/Incorrect_Structure/violation1.dita'
     [java] 2024-07-16 13:24:27 INFO [main] Generating violation dita topic file: '/home/makedoc/server/storage/default/1721136250430/dita/qa/rules/Incorrect_Structure/violation2.dita'
     [java] 2024-07-16 13:24:27 INFO [main] Generating dita map file: '/home/makedoc/server/storage/default/1721136250430/dita/qa/rules/Incorrect_Structure.ditamap'
     [java] 2024-07-16 13:24:27 INFO [main] Generating violation dita topic file: '/home/makedoc/server/storage/default/1721136250430/dita/qa/rules/Missing_XSD_Annotation/violation1.dita'
     [java] 2024-07-16 13:24:27 INFO [main] Generating dita map file: '/home/makedoc/server/storage/default/1721136250430/dita/qa/rules/Missing_XSD_Annotation.ditamap'
     [java] 2024-07-16 13:24:27 INFO [main] Generating violation dita topic file: '/home/makedoc/server/storage/default/1721136250430/dita/qa/rules/Unused_properties/violation1.dita'
     [java] 2024-07-16 13:24:27 INFO [main] Generating dita map file: '/home/makedoc/server/storage/default/1721136250430/dita/qa/rules/Unused_properties.ditamap'
     [java] 2024-07-16 13:24:27 INFO [main] Generating violation dita topic file: '/home/makedoc/server/storage/default/1721136250430/dita/qa/projects/tibco.bwce.sample.binding.rest.BookStore/violation1.dita'
     [java] 2024-07-16 13:24:27 INFO [main] Generating violation dita topic file: '/home/makedoc/server/storage/default/1721136250430/dita/qa/projects/tibco.bwce.sample.binding.rest.BookStore/violation3.dita'
     [java] 2024-07-16 13:24:27 INFO [main] Generating violation dita topic file: '/home/makedoc/server/storage/default/1721136250430/dita/qa/projects/tibco.bwce.sample.binding.rest.BookStore/violation4.dita'
     [java] 2024-07-16 13:24:27 INFO [main] Generating violation dita topic file: '/home/makedoc/server/storage/default/1721136250430/dita/qa/projects/tibco.bwce.sample.binding.rest.BookStore/violation5.dita'
     [java] 2024-07-16 13:24:27 INFO [main] Generating violation dita topic file: '/home/makedoc/server/storage/default/1721136250430/dita/qa/projects/tibco.bwce.sample.binding.rest.BookStore/violation6.dita'
     [java] 2024-07-16 13:24:27 INFO [main] Generating violation dita topic file: '/home/makedoc/server/storage/default/1721136250430/dita/qa/projects/tibco.bwce.sample.binding.rest.BookStore/violation7.dita'
     [java] 2024-07-16 13:24:27 INFO [main] Generating violation dita topic file: '/home/makedoc/server/storage/default/1721136250430/dita/qa/projects/tibco.bwce.sample.binding.rest.BookStore/violation8.dita'
     [java] 2024-07-16 13:24:27 INFO [main] Generating violation dita topic file: '/home/makedoc/server/storage/default/1721136250430/dita/qa/projects/tibco.bwce.sample.binding.rest.BookStore/violation9.dita'
     [java] 2024-07-16 13:24:27 INFO [main] Generating violation dita topic file: '/home/makedoc/server/storage/default/1721136250430/dita/qa/projects/tibco.bwce.sample.binding.rest.BookStore/violation10.dita'
     [java] 2024-07-16 13:24:27 INFO [main] Generating violation dita topic file: '/home/makedoc/server/storage/default/1721136250430/dita/qa/projects/tibco.bwce.sample.binding.rest.BookStore/violation11.dita'
     [java] 2024-07-16 13:24:27 INFO [main] Generating violation dita topic file: '/home/makedoc/server/storage/default/1721136250430/dita/qa/projects/tibco.bwce.sample.binding.rest.BookStore/violation12.dita'
     [java] 2024-07-16 13:24:27 INFO [main] Generating violation dita topic file: '/home/makedoc/server/storage/default/1721136250430/dita/qa/projects/tibco.bwce.sample.binding.rest.BookStore/violation13.dita'
     [java] 2024-07-16 13:24:27 INFO [main] Generating violation dita topic file: '/home/makedoc/server/storage/default/1721136250430/dita/qa/projects/tibco.bwce.sample.binding.rest.BookStore/violation14.dita'
     [java] 2024-07-16 13:24:27 INFO [main] Generating violation dita topic file: '/home/makedoc/server/storage/default/1721136250430/dita/qa/projects/tibco.bwce.sample.binding.rest.BookStore/violation15.dita'
     [java] 2024-07-16 13:24:27 INFO [main] Generating violation dita topic file: '/home/makedoc/server/storage/default/1721136250430/dita/qa/projects/tibco.bwce.sample.binding.rest.BookStore/violation16.dita'
     [java] 2024-07-16 13:24:27 INFO [main] Generating violation dita topic file: '/home/makedoc/server/storage/default/1721136250430/dita/qa/projects/tibco.bwce.sample.binding.rest.BookStore/violation17.dita'
     [java] 2024-07-16 13:24:27 INFO [main] Generating violation dita topic file: '/home/makedoc/server/storage/default/1721136250430/dita/qa/projects/tibco.bwce.sample.binding.rest.BookStore/violation18.dita'
     [java] 2024-07-16 13:24:27 INFO [main] Generating violation dita topic file: '/home/makedoc/server/storage/default/1721136250430/dita/qa/projects/tibco.bwce.sample.binding.rest.BookStore/violation19.dita'
     [java] 2024-07-16 13:24:27 INFO [main] Generating violation dita topic file: '/home/makedoc/server/storage/default/1721136250430/dita/qa/projects/tibco.bwce.sample.binding.rest.BookStore/violation20.dita'
     [java] 2024-07-16 13:24:27 INFO [main] Generating violation dita topic file: '/home/makedoc/server/storage/default/1721136250430/dita/qa/projects/tibco.bwce.sample.binding.rest.BookStore/violation21.dita'
     [java] 2024-07-16 13:24:27 INFO [main] Generating violation dita topic file: '/home/makedoc/server/storage/default/1721136250430/dita/qa/projects/tibco.bwce.sample.binding.rest.BookStore/violation22.dita'
     [java] 2024-07-16 13:24:27 INFO [main] Generating violation dita topic file: '/home/makedoc/server/storage/default/1721136250430/dita/qa/projects/tibco.bwce.sample.binding.rest.BookStore/violation23.dita'
     [java] 2024-07-16 13:24:27 INFO [main] Generating violation dita topic file: '/home/makedoc/server/storage/default/1721136250430/dita/qa/projects/tibco.bwce.sample.binding.rest.BookStore/violation24.dita'
     [java] 2024-07-16 13:24:27 INFO [main] Generating violation dita topic file: '/home/makedoc/server/storage/default/1721136250430/dita/qa/projects/tibco.bwce.sample.binding.rest.BookStore/violation25.dita'
     [java] 2024-07-16 13:24:27 INFO [main] Generating violation dita topic file: '/home/makedoc/server/storage/default/1721136250430/dita/qa/projects/tibco.bwce.sample.binding.rest.BookStore/violation26.dita'
     [java] 2024-07-16 13:24:27 INFO [main] Generating violation dita topic file: '/home/makedoc/server/storage/default/1721136250430/dita/qa/projects/tibco.bwce.sample.binding.rest.BookStore/violation27.dita'
     [java] 2024-07-16 13:24:27 INFO [main] Generating violation dita topic file: '/home/makedoc/server/storage/default/1721136250430/dita/qa/projects/tibco.bwce.sample.binding.rest.BookStore/violation28.dita'
     [java] 2024-07-16 13:24:27 INFO [main] Generating violation dita topic file: '/home/makedoc/server/storage/default/1721136250430/dita/qa/projects/tibco.bwce.sample.binding.rest.BookStore/violation29.dita'
     [java] 2024-07-16 13:24:27 INFO [main] Generating violation dita topic file: '/home/makedoc/server/storage/default/1721136250430/dita/qa/projects/tibco.bwce.sample.binding.rest.BookStore/violation30.dita'
     [java] 2024-07-16 13:24:27 INFO [main] Generating violation dita topic file: '/home/makedoc/server/storage/default/1721136250430/dita/qa/projects/tibco.bwce.sample.binding.rest.BookStore/violation31.dita'
     [java] 2024-07-16 13:24:27 INFO [main] Generating violation dita topic file: '/home/makedoc/server/storage/default/1721136250430/dita/qa/projects/tibco.bwce.sample.binding.rest.BookStore/violation32.dita'
     [java] 2024-07-16 13:24:27 INFO [main] Generating violation dita topic file: '/home/makedoc/server/storage/default/1721136250430/dita/qa/projects/tibco.bwce.sample.binding.rest.BookStore/violation2.dita'
     [java] 2024-07-16 13:24:27 INFO [main] Generating dita map file: '/home/makedoc/server/storage/default/1721136250430/dita/qa/projects/tibco.bwce.sample.binding.rest.BookStore.ditamap'
     [java] 2024-07-16 13:24:27 INFO [main] Generating violation dita topic file: '/home/makedoc/server/storage/default/1721136250430/dita/qa/projects/tibco.bwce.sample.binding.rest.BookStore.application/violation1.dita'
     [java] 2024-07-16 13:24:27 INFO [main] Generating violation dita topic file: '/home/makedoc/server/storage/default/1721136250430/dita/qa/projects/tibco.bwce.sample.binding.rest.BookStore.application/violation3.dita'
     [java] 2024-07-16 13:24:27 INFO [main] Generating violation dita topic file: '/home/makedoc/server/storage/default/1721136250430/dita/qa/projects/tibco.bwce.sample.binding.rest.BookStore.application/violation4.dita'
     [java] 2024-07-16 13:24:27 INFO [main] Generating violation dita topic file: '/home/makedoc/server/storage/default/1721136250430/dita/qa/projects/tibco.bwce.sample.binding.rest.BookStore.application/violation5.dita'
     [java] 2024-07-16 13:24:27 INFO [main] Generating violation dita topic file: '/home/makedoc/server/storage/default/1721136250430/dita/qa/projects/tibco.bwce.sample.binding.rest.BookStore.application/violation2.dita'
     [java] 2024-07-16 13:24:27 INFO [main] Generating dita map file: '/home/makedoc/server/storage/default/1721136250430/dita/qa/projects/tibco.bwce.sample.binding.rest.BookStore.application.ditamap'
     [java] 2024-07-16 13:24:27 INFO [1] Writing file /home/makedoc/server/storage/default/1721136250430/dita/qa/common/invalidQARule.dita
     [java] 2024-07-16 13:24:27 INFO [main] --------------------------- PROCESSING QA  FINISHED ---------------------------
     [java] 2024-07-16 13:24:27 INFO [1] Writing file /home/makedoc/server/storage/default/1721136250430/dita/intro.dita
     [java] 2024-07-16 13:24:27 INFO [1] Writing file /home/makedoc/server/storage/default/1721136250430/dita/output.ditamap
     [java] 2024-07-16 13:24:27 INFO [1] Writing file /home/makedoc/server/storage/default/1721136250430/dita/output.dita
     [java] 2024-07-16 13:24:27 INFO [main] --------------------------- PROCESSING FINISHED ---------------------------
     [java] 2024-07-16 13:24:27 INFO [main] --------------------------- POSTROCESSING  ---------------------------
     [java] 2024-07-16 13:24:27 INFO [main] --------------------------- POSTROCESSING FINISHES ---------------------------

trySetDeveloperPath:

trySetProdPath:
     [echo] Setting the production classpath

setClasspath:

makeDocConfigurationPath:

makeDocDeveopmentDebug:

storage.start:

storage.ditaDone:

checkGeneralMakeDocPath:

deployLogo:
     [copy] Copying 1 file to /home/makedoc/server/cfg/portal/src/local/multistep/images
     [copy] Copying /home/makedoc/server/cfg/img/LogoCustomer.png to /home/makedoc/server/cfg/portal/src/local/multistep/images/logoCustomer.png
     [copy] Copying 1 file to /home/makedoc/server/cfg/portal/src/local/one-page/images
     [copy] Copying /home/makedoc/server/cfg/img/LogoCustomer.png to /home/makedoc/server/cfg/portal/src/local/one-page/images/logoCustomer.png
     [copy] Copying 1 file to /home/makedoc/server/cfg/portal/src/srv/multistep/images
     [copy] Copying /home/makedoc/server/cfg/img/LogoCustomer.png to /home/makedoc/server/cfg/portal/src/srv/multistep/images/logoCustomer.png
     [copy] Copying 1 file to /home/makedoc/server/cfg/portal/src/srv/one-page/images
     [copy] Copying /home/makedoc/server/cfg/img/LogoCustomer.png to /home/makedoc/server/cfg/portal/src/srv/one-page/images/logoCustomer.png
     [copy] Copying 1 file to /home/makedoc/server/bin/plugins/com.pike.packages_4.4.0.v1709166954000/packages/dita/md_internal/images
     [copy] Copying /home/makedoc/server/cfg/img/LogoCustomer.png to /home/makedoc/server/bin/plugins/com.pike.packages_4.4.0.v1709166954000/packages/dita/md_internal/images/logoCustomer.png

html-dita:

copyWsdlXsdAe2Html:
     [copy] Copying 26 files to /home/makedoc/server/storage/default/1721136250430/html/projects

html.full:

html-dita-server:

cocoon.server.post.steps:

html.ondemand:

html:

md-dita:

usage:

createTempDir:
    [mkdir] Created dir: /home/makedoc/server/storage/default/1721136250430/tmp/md

job:
     [echo] 
     [echo] 		
     [echo] ======================================================================
     [echo] 
     [echo] 		
     [echo]                             Dita 2 MarkDown
     [echo] 
     [echo] 		
     [echo] DOCUMENT_FILE : /home/makedoc/server/storage/default/1721136250430/dita/output.ditamap
     [echo] OUTPUT_DIR    : /home/makedoc/server/storage/default/1721136250430/md
     [echo] 
     [echo] 		
     [echo] Command:	dita --input /home/makedoc/server/storage/default/1721136250430/dita/output.ditamap --format markdown --output=/home/makedoc/server/storage/default/1721136250430/md --dita.temp.dir=/home/makedoc/server/storage/default/1721136250430/tmp/md --clean.temp=no
     [echo] 		
     [echo] 
     [echo] 		
     [echo]                                                            Starting...
     [echo] ======================================================================
     [echo] 
     [echo] 		
     [echo] [debug] ANT_XMX=16384m
     [echo] 
     [echo] 		
     [echo] Converting dita to MarkDown...
    [mkdir] Created dir: /home/makedoc/server/storage/default/1721136250430/md

is_error:

doCleanUp:
     [echo] ==========================================
     [echo]             Deleting directory Temp
     [echo] 
     [echo] 		
   [delete] Deleting directory /home/makedoc/server/storage/default/1721136250430/tmp/md

do:

trySetDeveloperPath:

trySetProdPath:
     [echo] Setting the production classpath

setClasspath:

makeDocConfigurationPath:

makeDocDeveopmentDebug:

storage.start:

storage.mdDone:

md:

pdf-dita:

pdf:

pdf-dita-per-project:

pdf.per.project:

docx-dita:

docx:

storage.cleanRecordTmp:
   [delete] Deleting directory /home/makedoc/server/storage/default/1721136250430/tmp

storage.closeRecord:

storage.portal.licensing.test:

storage.portal.licensing:

storage.portal.licensing.warning.echo:

notification.send:

storage.portal:
     [fmpp] - Executing: local/multistep/groups.html
2024-07-16 13:25:19 INFO [main] [com.j256.ormlite.table.TableUtils:invoke0] creating table 'records'
     [fmpp] 2024-07-16 13:25:19 INFO [main] creating table 'records'
2024-07-16 13:25:19 INFO [main] [com.j256.ormlite.table.TableUtils:invoke0] executed create table statement changed 0 rows: CREATE TABLE IF NOT EXISTS `records` (`close_date` TIMESTAMP , `create_date` TIMESTAMP , `html` INTEGER , `md` TINYINT(1) , `id` BIGINT AUTO_INCREMENT , `module` VARCHAR(255) , `pdf` TINYINT(1) , `dita` TINYINT(1) , `group` VARCHAR(255) , `repository` VARCHAR(255) , `type` VARCHAR(255) , `uri` VARCHAR(255) , `docx` TINYINT(1) , `depends` VARCHAR(255) , `stats` VARCHAR(255) , PRIMARY KEY (`id`) ) 
     [fmpp] 2024-07-16 13:25:19 INFO [main] executed create table statement changed 0 rows: CREATE TABLE IF NOT EXISTS `records` (`close_date` TIMESTAMP , `create_date` TIMESTAMP , `html` INTEGER , `md` TINYINT(1) , `id` BIGINT AUTO_INCREMENT , `module` VARCHAR(255) , `pdf` TINYINT(1) , `dita` TINYINT(1) , `group` VARCHAR(255) , `repository` VARCHAR(255) , `type` VARCHAR(255) , `uri` VARCHAR(255) , `docx` TINYINT(1) , `depends` VARCHAR(255) , `stats` VARCHAR(255) , PRIMARY KEY (`id`) ) 
     [fmpp] - Copying: local/mult.../header-row-background-image.png
     [fmpp] - Copying: local/multistep/images/logoCustomer.png
     [fmpp] - Copying: local/mu.../small-makedoc-logos-pageTitle.png
     [fmpp] - Copying: local/multistep.../title-background-image.png
     [fmpp] - Executing: local/multistep/index.html
2024-07-16 13:25:20 INFO [main] [com.j256.ormlite.table.TableUtils:invoke0] creating table 'records'
     [fmpp] 2024-07-16 13:25:20 INFO [main] creating table 'records'
2024-07-16 13:25:20 INFO [main] [com.j256.ormlite.table.TableUtils:invoke0] executed create table statement changed 0 rows: CREATE TABLE IF NOT EXISTS `records` (`close_date` TIMESTAMP , `create_date` TIMESTAMP , `html` INTEGER , `md` TINYINT(1) , `id` BIGINT AUTO_INCREMENT , `module` VARCHAR(255) , `pdf` TINYINT(1) , `dita` TINYINT(1) , `group` VARCHAR(255) , `repository` VARCHAR(255) , `type` VARCHAR(255) , `uri` VARCHAR(255) , `docx` TINYINT(1) , `depends` VARCHAR(255) , `stats` VARCHAR(255) , PRIMARY KEY (`id`) ) 
     [fmpp] 2024-07-16 13:25:20 INFO [main] executed create table statement changed 0 rows: CREATE TABLE IF NOT EXISTS `records` (`close_date` TIMESTAMP , `create_date` TIMESTAMP , `html` INTEGER , `md` TINYINT(1) , `id` BIGINT AUTO_INCREMENT , `module` VARCHAR(255) , `pdf` TINYINT(1) , `dita` TINYINT(1) , `group` VARCHAR(255) , `repository` VARCHAR(255) , `type` VARCHAR(255) , `uri` VARCHAR(255) , `docx` TINYINT(1) , `depends` VARCHAR(255) , `stats` VARCHAR(255) , PRIMARY KEY (`id`) ) 
     [fmpp] - Executing: local/multistep/storages.html
2024-07-16 13:25:20 INFO [main] [com.j256.ormlite.table.TableUtils:invoke0] creating table 'records'
     [fmpp] 2024-07-16 13:25:20 INFO [main] creating table 'records'
2024-07-16 13:25:20 INFO [main] [com.j256.ormlite.table.TableUtils:invoke0] executed create table statement changed 0 rows: CREATE TABLE IF NOT EXISTS `records` (`close_date` TIMESTAMP , `create_date` TIMESTAMP , `html` INTEGER , `md` TINYINT(1) , `id` BIGINT AUTO_INCREMENT , `module` VARCHAR(255) , `pdf` TINYINT(1) , `dita` TINYINT(1) , `group` VARCHAR(255) , `repository` VARCHAR(255) , `type` VARCHAR(255) , `uri` VARCHAR(255) , `docx` TINYINT(1) , `depends` VARCHAR(255) , `stats` VARCHAR(255) , PRIMARY KEY (`id`) ) 
     [fmpp] 2024-07-16 13:25:20 INFO [main] executed create table statement changed 0 rows: CREATE TABLE IF NOT EXISTS `records` (`close_date` TIMESTAMP , `create_date` TIMESTAMP , `html` INTEGER , `md` TINYINT(1) , `id` BIGINT AUTO_INCREMENT , `module` VARCHAR(255) , `pdf` TINYINT(1) , `dita` TINYINT(1) , `group` VARCHAR(255) , `repository` VARCHAR(255) , `type` VARCHAR(255) , `uri` VARCHAR(255) , `docx` TINYINT(1) , `depends` VARCHAR(255) , `stats` VARCHAR(255) , PRIMARY KEY (`id`) ) 
     [fmpp] - Copying: local/one-.../header-row-background-image.png
     [fmpp] - Copying: local/one-page/images/logoCustomer.png
     [fmpp] - Copying: local/on.../small-makedoc-logos-pageTitle.png
     [fmpp] - Copying: local/one-page/.../title-background-image.png
     [fmpp] - Executing: local/one-page/index.html
2024-07-16 13:25:20 INFO [main] [com.j256.ormlite.table.TableUtils:invoke0] creating table 'records'
     [fmpp] 2024-07-16 13:25:20 INFO [main] creating table 'records'
2024-07-16 13:25:20 INFO [main] [com.j256.ormlite.table.TableUtils:invoke0] executed create table statement changed 0 rows: CREATE TABLE IF NOT EXISTS `records` (`close_date` TIMESTAMP , `create_date` TIMESTAMP , `html` INTEGER , `md` TINYINT(1) , `id` BIGINT AUTO_INCREMENT , `module` VARCHAR(255) , `pdf` TINYINT(1) , `dita` TINYINT(1) , `group` VARCHAR(255) , `repository` VARCHAR(255) , `type` VARCHAR(255) , `uri` VARCHAR(255) , `docx` TINYINT(1) , `depends` VARCHAR(255) , `stats` VARCHAR(255) , PRIMARY KEY (`id`) ) 
     [fmpp] 2024-07-16 13:25:20 INFO [main] executed create table statement changed 0 rows: CREATE TABLE IF NOT EXISTS `records` (`close_date` TIMESTAMP , `create_date` TIMESTAMP , `html` INTEGER , `md` TINYINT(1) , `id` BIGINT AUTO_INCREMENT , `module` VARCHAR(255) , `pdf` TINYINT(1) , `dita` TINYINT(1) , `group` VARCHAR(255) , `repository` VARCHAR(255) , `type` VARCHAR(255) , `uri` VARCHAR(255) , `docx` TINYINT(1) , `depends` VARCHAR(255) , `stats` VARCHAR(255) , PRIMARY KEY (`id`) ) 
     [fmpp] - Executing: srv/multistep/groups.html
2024-07-16 13:25:21 INFO [main] [com.j256.ormlite.table.TableUtils:invoke0] creating table 'records'
     [fmpp] 2024-07-16 13:25:21 INFO [main] creating table 'records'
2024-07-16 13:25:21 INFO [main] [com.j256.ormlite.table.TableUtils:invoke0] executed create table statement changed 0 rows: CREATE TABLE IF NOT EXISTS `records` (`close_date` TIMESTAMP , `create_date` TIMESTAMP , `html` INTEGER , `md` TINYINT(1) , `id` BIGINT AUTO_INCREMENT , `module` VARCHAR(255) , `pdf` TINYINT(1) , `dita` TINYINT(1) , `group` VARCHAR(255) , `repository` VARCHAR(255) , `type` VARCHAR(255) , `uri` VARCHAR(255) , `docx` TINYINT(1) , `depends` VARCHAR(255) , `stats` VARCHAR(255) , PRIMARY KEY (`id`) ) 
     [fmpp] 2024-07-16 13:25:21 INFO [main] executed create table statement changed 0 rows: CREATE TABLE IF NOT EXISTS `records` (`close_date` TIMESTAMP , `create_date` TIMESTAMP , `html` INTEGER , `md` TINYINT(1) , `id` BIGINT AUTO_INCREMENT , `module` VARCHAR(255) , `pdf` TINYINT(1) , `dita` TINYINT(1) , `group` VARCHAR(255) , `repository` VARCHAR(255) , `type` VARCHAR(255) , `uri` VARCHAR(255) , `docx` TINYINT(1) , `depends` VARCHAR(255) , `stats` VARCHAR(255) , PRIMARY KEY (`id`) ) 
     [fmpp] - Copying: srv/multis.../header-row-background-image.png
     [fmpp] - Copying: srv/multistep/images/logoCustomer.png
     [fmpp] - Copying: srv/mult.../small-makedoc-logos-pageTitle.png
     [fmpp] - Copying: srv/multistep/i.../title-background-image.png
     [fmpp] - Executing: srv/multistep/index.html
2024-07-16 13:25:22 INFO [main] [com.j256.ormlite.table.TableUtils:invoke0] creating table 'records'
     [fmpp] 2024-07-16 13:25:22 INFO [main] creating table 'records'
2024-07-16 13:25:22 INFO [main] [com.j256.ormlite.table.TableUtils:invoke0] executed create table statement changed 0 rows: CREATE TABLE IF NOT EXISTS `records` (`close_date` TIMESTAMP , `create_date` TIMESTAMP , `html` INTEGER , `md` TINYINT(1) , `id` BIGINT AUTO_INCREMENT , `module` VARCHAR(255) , `pdf` TINYINT(1) , `dita` TINYINT(1) , `group` VARCHAR(255) , `repository` VARCHAR(255) , `type` VARCHAR(255) , `uri` VARCHAR(255) , `docx` TINYINT(1) , `depends` VARCHAR(255) , `stats` VARCHAR(255) , PRIMARY KEY (`id`) ) 
     [fmpp] 2024-07-16 13:25:22 INFO [main] executed create table statement changed 0 rows: CREATE TABLE IF NOT EXISTS `records` (`close_date` TIMESTAMP , `create_date` TIMESTAMP , `html` INTEGER , `md` TINYINT(1) , `id` BIGINT AUTO_INCREMENT , `module` VARCHAR(255) , `pdf` TINYINT(1) , `dita` TINYINT(1) , `group` VARCHAR(255) , `repository` VARCHAR(255) , `type` VARCHAR(255) , `uri` VARCHAR(255) , `docx` TINYINT(1) , `depends` VARCHAR(255) , `stats` VARCHAR(255) , PRIMARY KEY (`id`) ) 
     [fmpp] - Executing: srv/multistep/storages.html
2024-07-16 13:25:22 INFO [main] [com.j256.ormlite.table.TableUtils:invoke0] creating table 'records'
     [fmpp] 2024-07-16 13:25:22 INFO [main] creating table 'records'
2024-07-16 13:25:22 INFO [main] [com.j256.ormlite.table.TableUtils:invoke0] executed create table statement changed 0 rows: CREATE TABLE IF NOT EXISTS `records` (`close_date` TIMESTAMP , `create_date` TIMESTAMP , `html` INTEGER , `md` TINYINT(1) , `id` BIGINT AUTO_INCREMENT , `module` VARCHAR(255) , `pdf` TINYINT(1) , `dita` TINYINT(1) , `group` VARCHAR(255) , `repository` VARCHAR(255) , `type` VARCHAR(255) , `uri` VARCHAR(255) , `docx` TINYINT(1) , `depends` VARCHAR(255) , `stats` VARCHAR(255) , PRIMARY KEY (`id`) ) 
     [fmpp] 2024-07-16 13:25:22 INFO [main] executed create table statement changed 0 rows: CREATE TABLE IF NOT EXISTS `records` (`close_date` TIMESTAMP , `create_date` TIMESTAMP , `html` INTEGER , `md` TINYINT(1) , `id` BIGINT AUTO_INCREMENT , `module` VARCHAR(255) , `pdf` TINYINT(1) , `dita` TINYINT(1) , `group` VARCHAR(255) , `repository` VARCHAR(255) , `type` VARCHAR(255) , `uri` VARCHAR(255) , `docx` TINYINT(1) , `depends` VARCHAR(255) , `stats` VARCHAR(255) , PRIMARY KEY (`id`) ) 
     [fmpp] - Copying: srv/one-pa.../header-row-background-image.png
     [fmpp] - Copying: srv/one-page/images/logoCustomer.png
     [fmpp] - Copying: srv/one-.../small-makedoc-logos-pageTitle.png
     [fmpp] - Copying: srv/one-page/im.../title-background-image.png
     [fmpp] - Executing: srv/one-page/index.html
2024-07-16 13:25:22 INFO [main] [com.j256.ormlite.table.TableUtils:invoke0] creating table 'records'
     [fmpp] 2024-07-16 13:25:22 INFO [main] creating table 'records'
2024-07-16 13:25:22 INFO [main] [com.j256.ormlite.table.TableUtils:invoke0] executed create table statement changed 0 rows: CREATE TABLE IF NOT EXISTS `records` (`close_date` TIMESTAMP , `create_date` TIMESTAMP , `html` INTEGER , `md` TINYINT(1) , `id` BIGINT AUTO_INCREMENT , `module` VARCHAR(255) , `pdf` TINYINT(1) , `dita` TINYINT(1) , `group` VARCHAR(255) , `repository` VARCHAR(255) , `type` VARCHAR(255) , `uri` VARCHAR(255) , `docx` TINYINT(1) , `depends` VARCHAR(255) , `stats` VARCHAR(255) , PRIMARY KEY (`id`) ) 
     [fmpp] 2024-07-16 13:25:22 INFO [main] executed create table statement changed 0 rows: CREATE TABLE IF NOT EXISTS `records` (`close_date` TIMESTAMP , `create_date` TIMESTAMP , `html` INTEGER , `md` TINYINT(1) , `id` BIGINT AUTO_INCREMENT , `module` VARCHAR(255) , `pdf` TINYINT(1) , `dita` TINYINT(1) , `group` VARCHAR(255) , `repository` VARCHAR(255) , `type` VARCHAR(255) , `uri` VARCHAR(255) , `docx` TINYINT(1) , `depends` VARCHAR(255) , `stats` VARCHAR(255) , PRIMARY KEY (`id`) ) 
     [fmpp] Summary: 8 exe. + 0 xml. + 16 cop. = 24 succ.; 0 warn.; 0 failed

logs.compress:

select-last-modified:
     [echo] Last modified file: /home/makedoc/server/storage/default/1721136250430

create-group-properties-folder:

canDelete.check:

delete-symlink:

generateHTML.check:

generateHTML:

generateDOCX.check:

generateDOCX:

generatePDF.check:

generatePDF:

CanGenerate.check:

make-unix-symlink:

CanGenerateWindows.check:

prepare-windows-symlink:

windows.generatePDF.check:

windows.pdf.replace-href:

windows.generatePDF.checkEmpty:

windows.pdf.replace-empty:

windows.generatePDF:

windows.generateHTML.check:

windows.html.replace-href:

windows.generateHTML.checkEmpty:

windows.html.replace-empty:

windows.generateHTML:

windows.generateDOCX.check:

windows.docx.replace-href:

windows.generateDOCX.checkEmpty:

windows.docx.replace-empty:

windows.generateDOCX:

make-windows-symlink:

storage.create-symlink:
     [echo] Operation system Linux

qaReportFile.check:

checkQaRules:

all:
