2024-07-23 15:49:34 INFO [main] [com.behaim.eagle.director.EagleDirector:printArguments] --------------------------- BW DIRECTOR ARGUMENTS ---------------------------
2024-07-23 15:49:34 INFO [main] [com.behaim.eagle.director.EagleDirector:printArguments] Input Data: {"projects":[{"uri":"Projects/tibco.bwce.sample.binding.rest.BookStore.application.project"},{"uri":"Projects/tibco.bwce.sample.binding.rest.BookStore.project"}]}
2024-07-23 15:49:34 INFO [main] [com.behaim.eagle.director.EagleDirector:printArguments] Snapshot Directory: /home/makedoc/server/storage/default/1721749770636
2024-07-23 15:49:34 INFO [main] [com.behaim.eagle.director.EagleDirector:printArguments] Project Directory: /home/makedoc/server/ws/MAKEDOC_default_group_repository
2024-07-23 15:49:34 INFO [main] [com.behaim.eagle.director.EagleDirector:printArguments] MakeDoc Home: /home/makedoc/server/bin
2024-07-23 15:49:34 INFO [main] [com.behaim.eagle.director.EagleDirector:printArguments] Templates Directory: /home/makedoc/server/ws/MAKEDOC_default_group_repository/Templates
2024-07-23 15:49:34 INFO [main] [com.behaim.eagle.director.EagleDirector:printArguments] BW6 Profile Name: Enterprise
2024-07-23 15:49:34 INFO [main] [com.behaim.eagle.director.EagleDirector:printArguments] QA Profile Name: Profiles/Enterprise.qa
2024-07-23 15:49:34 INFO [main] [com.behaim.eagle.director.EagleDirector:printArguments] Replace GV: true
2024-07-23 15:49:34 INFO [main] [com.behaim.eagle.director.EagleDirector:printArguments] Replace GV In CrossReference: true
2024-07-23 15:49:34 INFO [main] [com.behaim.eagle.director.EagleDirector:printArguments] DTD Directory: /home/makedoc/server/cfg/dtd
2024-07-23 15:49:34 INFO [main] [com.behaim.eagle.director.EagleDirector:printArguments] DTD Validate: true
2024-07-23 15:49:34 INFO [main] [com.behaim.eagle.director.EagleDirector:printArguments] Storage Record Path: /home/makedoc/server/storage/default/1721749770636
2024-07-23 15:49:34 INFO [main] [com.behaim.eagle.director.EagleDirector:printArguments] Generate CrossReference: true
2024-07-23 15:49:34 INFO [main] [com.behaim.eagle.director.EagleDirector:printArguments] Licence File: /home/makedoc/makedoc.key
2024-07-23 15:49:34 INFO [main] [com.behaim.eagle.director.EagleDirector:printArguments] Filter: Filters/QAOnly.filter
2024-07-23 15:49:34 INFO [main] [com.behaim.eagle.director.EagleDirector:printArguments] Temporary Directory: /home/makedoc/server/storage/default/1721749770636/tmp
2024-07-23 15:49:34 INFO [main] [com.behaim.eagle.director.EagleDirector:printArguments] Logback configuration file: /home/makedoc/server/cfg/log/snapshot.xml
2024-07-23 15:49:34 INFO [main] [com.behaim.eagle.director.EagleDirector:printArguments] MakeDoc Configuration folder: /home/makedoc/server/cfg
2024-07-23 15:49:34 INFO [main] [com.pikeelectronic.common.Configuration:<init>] Initializing config manager /home/makedoc/server/cfg/eagle/engine.properties
2024-07-23 15:49:34 INFO [main] [com.behaim.eagle.director.EagleDirector:preproc] --------------------------- PREPROCESSING ---------------------------
2024-07-23 15:49:34 INFO [main] [com.behaim.eagle.director.EagleDirector:preproc] --------------------------- PREPROCESSING FINISHED ---------------------------
2024-07-23 15:49:34 INFO [main] [com.behaim.eagle.director.EagleDirector:proc] --------------------------- PROCESSING ---------------------------
2024-07-23 15:49:34 INFO [main] [com.behaim.eagle.director.EagleDirector:runQA] --------------------------- PROCESSING QA  ---------------------------
2024-07-23 15:49:35 INFO [main] [com.pikeelectronic.tibco.qa:writeLogEntry] Starting Quality Assurance check
2024-07-23 15:49:36 ERROR [main] [com.pikeelectronic.tibco.qa:writeLogEntry] Skipping ruleCheckerInstance[25] of unknown type: XpathRuleCheckerComplex. All rulechecker types must be registered in the config file.
2024-07-23 15:49:37 INFO [main] [com.pikeelectronic.tibco.qa:writeLogEntry] Preprocessing source /home/makedoc/repository/tibco.bwce.sample.binding.rest.BookStore/tibco.bwce.sample.binding.rest.BookStore.application
2024-07-23 15:49:37 INFO [main] [com.pikeelectronic.tibco.qa:writeLogEntry] Preprocessing source /home/makedoc/repository/tibco.bwce.sample.binding.rest.BookStore/tibco.bwce.sample.binding.rest.BookStore
2024-07-23 15:49:37 INFO [main] [com.pikeelectronic.tibco.qa:writeLogEntry] Performing checks on source /home/makedoc/repository/tibco.bwce.sample.binding.rest.BookStore/tibco.bwce.sample.binding.rest.BookStore.application
2024-07-23 15:49:37 INFO [main] [com.pikeelectronic.tibco.qa:writeLogEntry] Performing checks on source /home/makedoc/repository/tibco.bwce.sample.binding.rest.BookStore/tibco.bwce.sample.binding.rest.BookStore
2024-07-23 15:49:37 INFO [main] [com.pikeelectronic.tibco.qa:writeLogEntry] Finished all checks
2024-07-23 15:49:37 INFO [main] [com.pikeelectronic.tibco.qa:writeLogEntry] Building report
2024-07-23 15:49:37 INFO [main] [com.pikeelectronic.common.Configuration:<init>] Initializing config manager /home/makedoc/server/cfg/general.properties
2024-07-23 15:49:37 INFO [main] [com.pikeelectronic.tibco.qa:writeLogEntry] Generating violation dita topic file: '/home/makedoc/server/storage/default/1721749770636/dita/qa/rules/Hardcoded_connection_parameters/violation1.dita'
2024-07-23 15:49:37 DEBUG [main] [freemarker.cache:debug] Could not find template in cache, creating new one; id=["QA_chapterTopic.ftl"["en",UTF-8,parsed] ]
2024-07-23 15:49:37 DEBUG [main] [freemarker.cache:debug] Compiling FreeMarker template "QA_chapterTopic.ftl"["en",UTF-8,parsed]  from "/home/makedoc/server/ws/MAKEDOC_default_group_repository/Templates/qa/QA_chapterTopic.ftl"
2024-07-23 15:49:38 INFO [main] [com.pikeelectronic.tibco.qa:writeLogEntry] Generating dita map file: '/home/makedoc/server/storage/default/1721749770636/dita/qa/rules/Hardcoded_connection_parameters.ditamap'
2024-07-23 15:49:38 INFO [main] [com.pikeelectronic.tibco.qa:writeLogEntry] Generating violation dita topic file: '/home/makedoc/server/storage/default/1721749770636/dita/qa/rules/Hardcoded_destination_parameter/violation1.dita'
2024-07-23 15:49:38 DEBUG [main] [freemarker.cache:debug] Could not find template in cache, creating new one; id=["QA_chapterTopic.ftl"["en",UTF-8,parsed] ]
2024-07-23 15:49:38 DEBUG [main] [freemarker.cache:debug] Compiling FreeMarker template "QA_chapterTopic.ftl"["en",UTF-8,parsed]  from "/home/makedoc/server/ws/MAKEDOC_default_group_repository/Templates/qa/QA_chapterTopic.ftl"
2024-07-23 15:49:38 INFO [main] [com.pikeelectronic.tibco.qa:writeLogEntry] Generating dita map file: '/home/makedoc/server/storage/default/1721749770636/dita/qa/rules/Hardcoded_destination_parameter.ditamap'
2024-07-23 15:49:38 INFO [main] [com.pikeelectronic.tibco.qa:writeLogEntry] Generating violation dita topic file: '/home/makedoc/server/storage/default/1721749770636/dita/qa/rules/Counter_Objects/violation1.dita'
2024-07-23 15:49:38 DEBUG [main] [freemarker.cache:debug] Could not find template in cache, creating new one; id=["QA_chapterTopic.ftl"["en",UTF-8,parsed] ]
2024-07-23 15:49:38 DEBUG [main] [freemarker.cache:debug] Compiling FreeMarker template "QA_chapterTopic.ftl"["en",UTF-8,parsed]  from "/home/makedoc/server/ws/MAKEDOC_default_group_repository/Templates/qa/QA_chapterTopic.ftl"
2024-07-23 15:49:38 INFO [main] [com.pikeelectronic.tibco.qa:writeLogEntry] Generating dita map file: '/home/makedoc/server/storage/default/1721749770636/dita/qa/rules/Counter_Objects.ditamap'
2024-07-23 15:49:38 INFO [main] [com.pikeelectronic.tibco.qa:writeLogEntry] Generating violation dita topic file: '/home/makedoc/server/storage/default/1721749770636/dita/qa/rules/Value_Contains/violation2.dita'
2024-07-23 15:49:38 INFO [main] [com.pikeelectronic.tibco.qa:writeLogEntry] Generating violation dita topic file: '/home/makedoc/server/storage/default/1721749770636/dita/qa/rules/Value_Contains/violation1.dita'
2024-07-23 15:49:38 DEBUG [main] [freemarker.cache:debug] Could not find template in cache, creating new one; id=["QA_chapterTopic.ftl"["en",UTF-8,parsed] ]
2024-07-23 15:49:38 DEBUG [main] [freemarker.cache:debug] Compiling FreeMarker template "QA_chapterTopic.ftl"["en",UTF-8,parsed]  from "/home/makedoc/server/ws/MAKEDOC_default_group_repository/Templates/qa/QA_chapterTopic.ftl"
2024-07-23 15:49:38 INFO [main] [com.pikeelectronic.tibco.qa:writeLogEntry] Generating dita map file: '/home/makedoc/server/storage/default/1721749770636/dita/qa/rules/Value_Contains.ditamap'
2024-07-23 15:49:38 INFO [main] [com.pikeelectronic.tibco.qa:writeLogEntry] Generating violation dita topic file: '/home/makedoc/server/storage/default/1721749770636/dita/qa/rules/Value_Ends_With/violation2.dita'
2024-07-23 15:49:38 INFO [main] [com.pikeelectronic.tibco.qa:writeLogEntry] Generating violation dita topic file: '/home/makedoc/server/storage/default/1721749770636/dita/qa/rules/Value_Ends_With/violation1.dita'
2024-07-23 15:49:38 DEBUG [main] [freemarker.cache:debug] Could not find template in cache, creating new one; id=["QA_chapterTopic.ftl"["en",UTF-8,parsed] ]
2024-07-23 15:49:38 DEBUG [main] [freemarker.cache:debug] Compiling FreeMarker template "QA_chapterTopic.ftl"["en",UTF-8,parsed]  from "/home/makedoc/server/ws/MAKEDOC_default_group_repository/Templates/qa/QA_chapterTopic.ftl"
2024-07-23 15:49:38 INFO [main] [com.pikeelectronic.tibco.qa:writeLogEntry] Generating dita map file: '/home/makedoc/server/storage/default/1721749770636/dita/qa/rules/Value_Ends_With.ditamap'
2024-07-23 15:49:38 INFO [main] [com.pikeelectronic.tibco.qa:writeLogEntry] Generating violation dita topic file: '/home/makedoc/server/storage/default/1721749770636/dita/qa/rules/Incorrect_description/violation1.dita'
2024-07-23 15:49:38 DEBUG [main] [freemarker.cache:debug] Could not find template in cache, creating new one; id=["QA_chapterTopic.ftl"["en",UTF-8,parsed] ]
2024-07-23 15:49:38 DEBUG [main] [freemarker.cache:debug] Compiling FreeMarker template "QA_chapterTopic.ftl"["en",UTF-8,parsed]  from "/home/makedoc/server/ws/MAKEDOC_default_group_repository/Templates/qa/QA_chapterTopic.ftl"
2024-07-23 15:49:38 INFO [main] [com.pikeelectronic.tibco.qa:writeLogEntry] Generating dita map file: '/home/makedoc/server/storage/default/1721749770636/dita/qa/rules/Incorrect_description.ditamap'
2024-07-23 15:49:38 INFO [main] [com.pikeelectronic.tibco.qa:writeLogEntry] Generating violation dita topic file: '/home/makedoc/server/storage/default/1721749770636/dita/qa/rules/Incorrect_directory_structure/violation2.dita'
2024-07-23 15:49:38 INFO [main] [com.pikeelectronic.tibco.qa:writeLogEntry] Generating violation dita topic file: '/home/makedoc/server/storage/default/1721749770636/dita/qa/rules/Incorrect_directory_structure/violation1.dita'
2024-07-23 15:49:38 DEBUG [main] [freemarker.cache:debug] Could not find template in cache, creating new one; id=["QA_chapterTopic.ftl"["en",UTF-8,parsed] ]
2024-07-23 15:49:38 DEBUG [main] [freemarker.cache:debug] Compiling FreeMarker template "QA_chapterTopic.ftl"["en",UTF-8,parsed]  from "/home/makedoc/server/ws/MAKEDOC_default_group_repository/Templates/qa/QA_chapterTopic.ftl"
2024-07-23 15:49:38 INFO [main] [com.pikeelectronic.tibco.qa:writeLogEntry] Generating dita map file: '/home/makedoc/server/storage/default/1721749770636/dita/qa/rules/Incorrect_directory_structure.ditamap'
2024-07-23 15:49:38 INFO [main] [com.pikeelectronic.tibco.qa:writeLogEntry] Generating violation dita topic file: '/home/makedoc/server/storage/default/1721749770636/dita/qa/rules/Incorrect_Schema_-_missing_header/violation1.dita'
2024-07-23 15:49:38 DEBUG [main] [freemarker.cache:debug] Could not find template in cache, creating new one; id=["QA_chapterTopic.ftl"["en",UTF-8,parsed] ]
2024-07-23 15:49:38 DEBUG [main] [freemarker.cache:debug] Compiling FreeMarker template "QA_chapterTopic.ftl"["en",UTF-8,parsed]  from "/home/makedoc/server/ws/MAKEDOC_default_group_repository/Templates/qa/QA_chapterTopic.ftl"
2024-07-23 15:49:38 INFO [main] [com.pikeelectronic.tibco.qa:writeLogEntry] Generating dita map file: '/home/makedoc/server/storage/default/1721749770636/dita/qa/rules/Incorrect_Schema_-_missing_header.ditamap'
2024-07-23 15:49:38 INFO [main] [com.pikeelectronic.tibco.qa:writeLogEntry] Generating violation dita topic file: '/home/makedoc/server/storage/default/1721749770636/dita/qa/rules/Incorrect_schema_-_missing_type_suffix/violation1.dita'
2024-07-23 15:49:38 DEBUG [main] [freemarker.cache:debug] Could not find template in cache, creating new one; id=["QA_chapterTopic.ftl"["en",UTF-8,parsed] ]
2024-07-23 15:49:38 DEBUG [main] [freemarker.cache:debug] Compiling FreeMarker template "QA_chapterTopic.ftl"["en",UTF-8,parsed]  from "/home/makedoc/server/ws/MAKEDOC_default_group_repository/Templates/qa/QA_chapterTopic.ftl"
2024-07-23 15:49:38 INFO [main] [com.pikeelectronic.tibco.qa:writeLogEntry] Generating dita map file: '/home/makedoc/server/storage/default/1721749770636/dita/qa/rules/Incorrect_schema_-_missing_type_suffix.ditamap'
2024-07-23 15:49:38 INFO [main] [com.pikeelectronic.tibco.qa:writeLogEntry] Generating violation dita topic file: '/home/makedoc/server/storage/default/1721749770636/dita/qa/rules/Incorrect_Schema_-_missing_version/violation1.dita'
2024-07-23 15:49:38 DEBUG [main] [freemarker.cache:debug] Could not find template in cache, creating new one; id=["QA_chapterTopic.ftl"["en",UTF-8,parsed] ]
2024-07-23 15:49:38 DEBUG [main] [freemarker.cache:debug] Compiling FreeMarker template "QA_chapterTopic.ftl"["en",UTF-8,parsed]  from "/home/makedoc/server/ws/MAKEDOC_default_group_repository/Templates/qa/QA_chapterTopic.ftl"
2024-07-23 15:49:38 INFO [main] [com.pikeelectronic.tibco.qa:writeLogEntry] Generating dita map file: '/home/makedoc/server/storage/default/1721749770636/dita/qa/rules/Incorrect_Schema_-_missing_version.ditamap'
2024-07-23 15:49:38 INFO [main] [com.pikeelectronic.tibco.qa:writeLogEntry] Generating violation dita topic file: '/home/makedoc/server/storage/default/1721749770636/dita/qa/rules/Incorrect_Structure/violation1.dita'
2024-07-23 15:49:38 INFO [main] [com.pikeelectronic.tibco.qa:writeLogEntry] Generating violation dita topic file: '/home/makedoc/server/storage/default/1721749770636/dita/qa/rules/Incorrect_Structure/violation2.dita'
2024-07-23 15:49:38 DEBUG [main] [freemarker.cache:debug] Could not find template in cache, creating new one; id=["QA_chapterTopic.ftl"["en",UTF-8,parsed] ]
2024-07-23 15:49:38 DEBUG [main] [freemarker.cache:debug] Compiling FreeMarker template "QA_chapterTopic.ftl"["en",UTF-8,parsed]  from "/home/makedoc/server/ws/MAKEDOC_default_group_repository/Templates/qa/QA_chapterTopic.ftl"
2024-07-23 15:49:38 INFO [main] [com.pikeelectronic.tibco.qa:writeLogEntry] Generating dita map file: '/home/makedoc/server/storage/default/1721749770636/dita/qa/rules/Incorrect_Structure.ditamap'
2024-07-23 15:49:38 INFO [main] [com.pikeelectronic.tibco.qa:writeLogEntry] Generating violation dita topic file: '/home/makedoc/server/storage/default/1721749770636/dita/qa/rules/Missing_XSD_Annotation/violation1.dita'
2024-07-23 15:49:38 DEBUG [main] [freemarker.cache:debug] Could not find template in cache, creating new one; id=["QA_chapterTopic.ftl"["en",UTF-8,parsed] ]
2024-07-23 15:49:38 DEBUG [main] [freemarker.cache:debug] Compiling FreeMarker template "QA_chapterTopic.ftl"["en",UTF-8,parsed]  from "/home/makedoc/server/ws/MAKEDOC_default_group_repository/Templates/qa/QA_chapterTopic.ftl"
2024-07-23 15:49:38 INFO [main] [com.pikeelectronic.tibco.qa:writeLogEntry] Generating dita map file: '/home/makedoc/server/storage/default/1721749770636/dita/qa/rules/Missing_XSD_Annotation.ditamap'
2024-07-23 15:49:38 INFO [main] [com.pikeelectronic.tibco.qa:writeLogEntry] Generating violation dita topic file: '/home/makedoc/server/storage/default/1721749770636/dita/qa/rules/Unused_properties/violation1.dita'
2024-07-23 15:49:38 DEBUG [main] [freemarker.cache:debug] Could not find template in cache, creating new one; id=["QA_chapterTopic.ftl"["en",UTF-8,parsed] ]
2024-07-23 15:49:38 DEBUG [main] [freemarker.cache:debug] Compiling FreeMarker template "QA_chapterTopic.ftl"["en",UTF-8,parsed]  from "/home/makedoc/server/ws/MAKEDOC_default_group_repository/Templates/qa/QA_chapterTopic.ftl"
2024-07-23 15:49:38 INFO [main] [com.pikeelectronic.tibco.qa:writeLogEntry] Generating dita map file: '/home/makedoc/server/storage/default/1721749770636/dita/qa/rules/Unused_properties.ditamap'
2024-07-23 15:49:38 INFO [main] [com.pikeelectronic.tibco.qa:writeLogEntry] Generating violation dita topic file: '/home/makedoc/server/storage/default/1721749770636/dita/qa/projects/tibco.bwce.sample.binding.rest.BookStore/violation1.dita'
2024-07-23 15:49:38 INFO [main] [com.pikeelectronic.tibco.qa:writeLogEntry] Generating violation dita topic file: '/home/makedoc/server/storage/default/1721749770636/dita/qa/projects/tibco.bwce.sample.binding.rest.BookStore/violation3.dita'
2024-07-23 15:49:38 INFO [main] [com.pikeelectronic.tibco.qa:writeLogEntry] Generating violation dita topic file: '/home/makedoc/server/storage/default/1721749770636/dita/qa/projects/tibco.bwce.sample.binding.rest.BookStore/violation4.dita'
2024-07-23 15:49:38 INFO [main] [com.pikeelectronic.tibco.qa:writeLogEntry] Generating violation dita topic file: '/home/makedoc/server/storage/default/1721749770636/dita/qa/projects/tibco.bwce.sample.binding.rest.BookStore/violation5.dita'
2024-07-23 15:49:38 INFO [main] [com.pikeelectronic.tibco.qa:writeLogEntry] Generating violation dita topic file: '/home/makedoc/server/storage/default/1721749770636/dita/qa/projects/tibco.bwce.sample.binding.rest.BookStore/violation6.dita'
2024-07-23 15:49:38 INFO [main] [com.pikeelectronic.tibco.qa:writeLogEntry] Generating violation dita topic file: '/home/makedoc/server/storage/default/1721749770636/dita/qa/projects/tibco.bwce.sample.binding.rest.BookStore/violation7.dita'
2024-07-23 15:49:38 INFO [main] [com.pikeelectronic.tibco.qa:writeLogEntry] Generating violation dita topic file: '/home/makedoc/server/storage/default/1721749770636/dita/qa/projects/tibco.bwce.sample.binding.rest.BookStore/violation8.dita'
2024-07-23 15:49:38 INFO [main] [com.pikeelectronic.tibco.qa:writeLogEntry] Generating violation dita topic file: '/home/makedoc/server/storage/default/1721749770636/dita/qa/projects/tibco.bwce.sample.binding.rest.BookStore/violation9.dita'
2024-07-23 15:49:38 INFO [main] [com.pikeelectronic.tibco.qa:writeLogEntry] Generating violation dita topic file: '/home/makedoc/server/storage/default/1721749770636/dita/qa/projects/tibco.bwce.sample.binding.rest.BookStore/violation10.dita'
2024-07-23 15:49:38 INFO [main] [com.pikeelectronic.tibco.qa:writeLogEntry] Generating violation dita topic file: '/home/makedoc/server/storage/default/1721749770636/dita/qa/projects/tibco.bwce.sample.binding.rest.BookStore/violation11.dita'
2024-07-23 15:49:38 INFO [main] [com.pikeelectronic.tibco.qa:writeLogEntry] Generating violation dita topic file: '/home/makedoc/server/storage/default/1721749770636/dita/qa/projects/tibco.bwce.sample.binding.rest.BookStore/violation12.dita'
2024-07-23 15:49:38 INFO [main] [com.pikeelectronic.tibco.qa:writeLogEntry] Generating violation dita topic file: '/home/makedoc/server/storage/default/1721749770636/dita/qa/projects/tibco.bwce.sample.binding.rest.BookStore/violation13.dita'
2024-07-23 15:49:38 INFO [main] [com.pikeelectronic.tibco.qa:writeLogEntry] Generating violation dita topic file: '/home/makedoc/server/storage/default/1721749770636/dita/qa/projects/tibco.bwce.sample.binding.rest.BookStore/violation14.dita'
2024-07-23 15:49:38 INFO [main] [com.pikeelectronic.tibco.qa:writeLogEntry] Generating violation dita topic file: '/home/makedoc/server/storage/default/1721749770636/dita/qa/projects/tibco.bwce.sample.binding.rest.BookStore/violation15.dita'
2024-07-23 15:49:38 INFO [main] [com.pikeelectronic.tibco.qa:writeLogEntry] Generating violation dita topic file: '/home/makedoc/server/storage/default/1721749770636/dita/qa/projects/tibco.bwce.sample.binding.rest.BookStore/violation16.dita'
2024-07-23 15:49:38 INFO [main] [com.pikeelectronic.tibco.qa:writeLogEntry] Generating violation dita topic file: '/home/makedoc/server/storage/default/1721749770636/dita/qa/projects/tibco.bwce.sample.binding.rest.BookStore/violation17.dita'
2024-07-23 15:49:38 INFO [main] [com.pikeelectronic.tibco.qa:writeLogEntry] Generating violation dita topic file: '/home/makedoc/server/storage/default/1721749770636/dita/qa/projects/tibco.bwce.sample.binding.rest.BookStore/violation18.dita'
2024-07-23 15:49:38 INFO [main] [com.pikeelectronic.tibco.qa:writeLogEntry] Generating violation dita topic file: '/home/makedoc/server/storage/default/1721749770636/dita/qa/projects/tibco.bwce.sample.binding.rest.BookStore/violation19.dita'
2024-07-23 15:49:38 INFO [main] [com.pikeelectronic.tibco.qa:writeLogEntry] Generating violation dita topic file: '/home/makedoc/server/storage/default/1721749770636/dita/qa/projects/tibco.bwce.sample.binding.rest.BookStore/violation20.dita'
2024-07-23 15:49:38 INFO [main] [com.pikeelectronic.tibco.qa:writeLogEntry] Generating violation dita topic file: '/home/makedoc/server/storage/default/1721749770636/dita/qa/projects/tibco.bwce.sample.binding.rest.BookStore/violation21.dita'
2024-07-23 15:49:38 INFO [main] [com.pikeelectronic.tibco.qa:writeLogEntry] Generating violation dita topic file: '/home/makedoc/server/storage/default/1721749770636/dita/qa/projects/tibco.bwce.sample.binding.rest.BookStore/violation22.dita'
2024-07-23 15:49:38 INFO [main] [com.pikeelectronic.tibco.qa:writeLogEntry] Generating violation dita topic file: '/home/makedoc/server/storage/default/1721749770636/dita/qa/projects/tibco.bwce.sample.binding.rest.BookStore/violation2.dita'
2024-07-23 15:49:38 DEBUG [main] [freemarker.cache:debug] Could not find template in cache, creating new one; id=["QA_chapterTopic.ftl"["en",UTF-8,parsed] ]
2024-07-23 15:49:38 DEBUG [main] [freemarker.cache:debug] Compiling FreeMarker template "QA_chapterTopic.ftl"["en",UTF-8,parsed]  from "/home/makedoc/server/ws/MAKEDOC_default_group_repository/Templates/qa/QA_chapterTopic.ftl"
2024-07-23 15:49:38 INFO [main] [com.pikeelectronic.tibco.qa:writeLogEntry] Generating dita map file: '/home/makedoc/server/storage/default/1721749770636/dita/qa/projects/tibco.bwce.sample.binding.rest.BookStore.ditamap'
2024-07-23 15:49:38 INFO [main] [com.pikeelectronic.tibco.qa:writeLogEntry] Generating violation dita topic file: '/home/makedoc/server/storage/default/1721749770636/dita/qa/projects/tibco.bwce.sample.binding.rest.BookStore.application/violation1.dita'
2024-07-23 15:49:38 INFO [main] [com.pikeelectronic.tibco.qa:writeLogEntry] Generating violation dita topic file: '/home/makedoc/server/storage/default/1721749770636/dita/qa/projects/tibco.bwce.sample.binding.rest.BookStore.application/violation3.dita'
2024-07-23 15:49:38 INFO [main] [com.pikeelectronic.tibco.qa:writeLogEntry] Generating violation dita topic file: '/home/makedoc/server/storage/default/1721749770636/dita/qa/projects/tibco.bwce.sample.binding.rest.BookStore.application/violation4.dita'
2024-07-23 15:49:38 INFO [main] [com.pikeelectronic.tibco.qa:writeLogEntry] Generating violation dita topic file: '/home/makedoc/server/storage/default/1721749770636/dita/qa/projects/tibco.bwce.sample.binding.rest.BookStore.application/violation5.dita'
2024-07-23 15:49:38 INFO [main] [com.pikeelectronic.tibco.qa:writeLogEntry] Generating violation dita topic file: '/home/makedoc/server/storage/default/1721749770636/dita/qa/projects/tibco.bwce.sample.binding.rest.BookStore.application/violation2.dita'
2024-07-23 15:49:38 DEBUG [main] [freemarker.cache:debug] Could not find template in cache, creating new one; id=["QA_chapterTopic.ftl"["en",UTF-8,parsed] ]
2024-07-23 15:49:38 DEBUG [main] [freemarker.cache:debug] Compiling FreeMarker template "QA_chapterTopic.ftl"["en",UTF-8,parsed]  from "/home/makedoc/server/ws/MAKEDOC_default_group_repository/Templates/qa/QA_chapterTopic.ftl"
2024-07-23 15:49:38 INFO [main] [com.pikeelectronic.tibco.qa:writeLogEntry] Generating dita map file: '/home/makedoc/server/storage/default/1721749770636/dita/qa/projects/tibco.bwce.sample.binding.rest.BookStore.application.ditamap'
2024-07-23 15:49:38 DEBUG [main] [com.pike.commons.JobExecutor:<init>] Creating 1 worker threads
2024-07-23 15:49:38 DEBUG [1] [com.pike.commons.diego.core.DiegoJob:run] class /invalidQARule.ftl
2024-07-23 15:49:38 INFO [1] [com.pike.commons.diego.core.DiegoJob:run] Writing file /home/makedoc/server/storage/default/1721749770636/dita/qa/common/invalidQARule.dita
2024-07-23 15:49:38 DEBUG [1] [com.pike.commons.diego.core.DiegoJob:run] Reading template file /home/makedoc/server/ws/MAKEDOC_default_group_repository/Templates/qa/invalidQARule.ftl
2024-07-23 15:49:38 DEBUG [1] [freemarker.cache:debug] Could not find template in cache, creating new one; id=["invalidQARule.ftl"["en",UTF-8,parsed] ]
2024-07-23 15:49:38 DEBUG [1] [freemarker.cache:debug] Could not find template in cache, creating new one; id=["invalidQARule.ftl"["en",UTF-8,parsed] ]
2024-07-23 15:49:38 DEBUG [1] [freemarker.cache:debug] Compiling FreeMarker template "invalidQARule.ftl"["en",UTF-8,parsed]  from "/home/makedoc/server/ws/MAKEDOC_default_group_repository/Templates/qa/invalidQARule.ftl"
2024-07-23 15:49:38 TRACE [main] [com.pike.commons.JobExecutorSingleton:stopExecution] Waiting until all jobs are done
2024-07-23 15:49:38 INFO [main] [com.behaim.eagle.director.EagleDirector:runQA] --------------------------- PROCESSING QA  FINISHED ---------------------------
2024-07-23 15:49:38 DEBUG [main] [com.pike.commons.JobExecutor:<init>] Creating 1 worker threads
2024-07-23 15:49:38 DEBUG [1] [com.pike.commons.diego.core.DiegoJob:run] class introduction.ftl
2024-07-23 15:49:38 INFO [1] [com.pike.commons.diego.core.DiegoJob:run] Writing file /home/makedoc/server/storage/default/1721749770636/dita/intro.dita
2024-07-23 15:49:38 DEBUG [1] [com.pike.commons.diego.core.DiegoJob:run] Reading template file /home/makedoc/server/ws/MAKEDOC_default_group_repository/Templates/introduction.ftl
2024-07-23 15:49:38 DEBUG [1] [freemarker.cache:debug] Could not find template in cache, creating new one; id=["introduction.ftl"["en",UTF-8,parsed] ]
2024-07-23 15:49:38 DEBUG [1] [freemarker.cache:debug] Could not find template in cache, creating new one; id=["introduction.ftl"["en",UTF-8,parsed] ]
2024-07-23 15:49:38 DEBUG [1] [freemarker.cache:debug] Compiling FreeMarker template "introduction.ftl"["en",UTF-8,parsed]  from "/home/makedoc/server/ws/MAKEDOC_default_group_repository/Templates/introduction.ftl"
2024-07-23 15:49:38 DEBUG [1] [com.pike.commons.diego.core.DiegoJob:run] class mainditamap.ftl
2024-07-23 15:49:38 INFO [1] [com.pike.commons.diego.core.DiegoJob:run] Writing file /home/makedoc/server/storage/default/1721749770636/dita/output.ditamap
2024-07-23 15:49:38 DEBUG [1] [com.pike.commons.diego.core.DiegoJob:run] Reading template file /home/makedoc/server/ws/MAKEDOC_default_group_repository/Templates/mainditamap.ftl
2024-07-23 15:49:38 DEBUG [1] [freemarker.cache:debug] Could not find template in cache, creating new one; id=["mainditamap.ftl"["en",UTF-8,parsed] ]
2024-07-23 15:49:38 DEBUG [1] [freemarker.cache:debug] Could not find template in cache, creating new one; id=["mainditamap.ftl"["en",UTF-8,parsed] ]
2024-07-23 15:49:38 DEBUG [1] [freemarker.cache:debug] Compiling FreeMarker template "mainditamap.ftl"["en",UTF-8,parsed]  from "/home/makedoc/server/ws/MAKEDOC_default_group_repository/Templates/mainditamap.ftl"
2024-07-23 15:49:38 DEBUG [1] [com.pike.commons.diego.core.DiegoJob:run] class intro.ftl
2024-07-23 15:49:38 INFO [1] [com.pike.commons.diego.core.DiegoJob:run] Writing file /home/makedoc/server/storage/default/1721749770636/dita/output.dita
2024-07-23 15:49:38 DEBUG [1] [com.pike.commons.diego.core.DiegoJob:run] Reading template file /home/makedoc/server/ws/MAKEDOC_default_group_repository/Templates/intro.ftl
2024-07-23 15:49:38 DEBUG [1] [freemarker.cache:debug] Could not find template in cache, creating new one; id=["intro.ftl"["en",UTF-8,parsed] ]
2024-07-23 15:49:38 DEBUG [1] [freemarker.cache:debug] Could not find template in cache, creating new one; id=["intro.ftl"["en",UTF-8,parsed] ]
2024-07-23 15:49:38 DEBUG [1] [freemarker.cache:debug] Compiling FreeMarker template "intro.ftl"["en",UTF-8,parsed]  from "/home/makedoc/server/ws/MAKEDOC_default_group_repository/Templates/intro.ftl"
2024-07-23 15:49:38 TRACE [main] [com.pike.commons.JobExecutorSingleton:stopExecution] Waiting until all jobs are done
2024-07-23 15:49:38 INFO [main] [com.behaim.eagle.director.EagleDirector:proc] --------------------------- PROCESSING FINISHED ---------------------------
2024-07-23 15:49:38 INFO [main] [com.behaim.eagle.director.EagleDirector:postproc] --------------------------- POSTROCESSING  ---------------------------
2024-07-23 15:49:38 INFO [main] [com.behaim.eagle.director.EagleDirector:postproc] --------------------------- POSTROCESSING FINISHES ---------------------------
